{"meta": {"format": 3, "version": "7.6.9", "timestamp": "2025-10-17T09:26:24.757195", "branch_coverage": false, "show_contexts": false}, "files": {"src\\pathsim\\__init__.py": {"executed_lines": [1, 3, 4, 8, 9, 10], "summary": {"covered_lines": 6, "num_statements": 8, "percent_covered": 75.0, "percent_covered_display": "75", "missing_lines": 2, "excluded_lines": 0}, "missing_lines": [5, 6], "excluded_lines": [], "functions": {"": {"executed_lines": [1, 3, 4, 8, 9, 10], "summary": {"covered_lines": 6, "num_statements": 8, "percent_covered": 75.0, "percent_covered_display": "75", "missing_lines": 2, "excluded_lines": 0}, "missing_lines": [5, 6], "excluded_lines": []}}, "classes": {"": {"executed_lines": [1, 3, 4, 8, 9, 10], "summary": {"covered_lines": 6, "num_statements": 8, "percent_covered": 75.0, "percent_covered_display": "75", "missing_lines": 2, "excluded_lines": 0}, "missing_lines": [5, 6], "excluded_lines": []}}}, "src\\pathsim\\_constants.py": {"executed_lines": [12, 17, 18, 19, 20, 21, 26, 27, 28, 29, 30, 31, 32, 37, 38, 43, 48, 49, 50, 55, 56, 57, 58, 59, 60], "summary": {"covered_lines": 25, "num_statements": 25, "percent_covered": 100.0, "percent_covered_display": "100", "missing_lines": 0, "excluded_lines": 0}, "missing_lines": [], "excluded_lines": [], "functions": {"": {"executed_lines": [12, 17, 18, 19, 20, 21, 26, 27, 28, 29, 30, 31, 32, 37, 38, 43, 48, 49, 50, 55, 56, 57, 58, 59, 60], "summary": {"covered_lines": 25, "num_statements": 25, "percent_covered": 100.0, "percent_covered_display": "100", "missing_lines": 0, "excluded_lines": 0}, "missing_lines": [], "excluded_lines": []}}, "classes": {"": {"executed_lines": [12, 17, 18, 19, 20, 21, 26, 27, 28, 29, 30, 31, 32, 37, 38, 43, 48, 49, 50, 55, 56, 57, 58, 59, 60], "summary": {"covered_lines": 25, "num_statements": 25, "percent_covered": 100.0, "percent_covered_display": "100", "missing_lines": 0, "excluded_lines": 0}, "missing_lines": [], "excluded_lines": []}}}, "src\\pathsim\\_version.py": {"executed_lines": [], "summary": {"covered_lines": 0, "num_statements": 18, "percent_covered": 0.0, "percent_covered_display": "0", "missing_lines": 18, "excluded_lines": 0}, "missing_lines": [4, 13, 14, 15, 16, 18, 19, 21, 22, 24, 25, 26, 27, 28, 29, 31, 32, 34], "excluded_lines": [], "functions": {"": {"executed_lines": [], "summary": {"covered_lines": 0, "num_statements": 18, "percent_covered": 0.0, "percent_covered_display": "0", "missing_lines": 18, "excluded_lines": 0}, "missing_lines": [4, 13, 14, 15, 16, 18, 19, 21, 22, 24, 25, 26, 27, 28, 29, 31, 32, 34], "excluded_lines": []}}, "classes": {"": {"executed_lines": [], "summary": {"covered_lines": 0, "num_statements": 18, "percent_covered": 0.0, "percent_covered_display": "0", "missing_lines": 18, "excluded_lines": 0}, "missing_lines": [4, 13, 14, 15, 16, 18, 19, 21, 22, 24, 25, 26, 27, 28, 29, 31, 32, 34], "excluded_lines": []}}}, "src\\pathsim\\blocks\\__init__.py": {"executed_lines": [1, 2, 3, 4, 5, 6, 7, 8, 9, 10, 11, 12, 13, 14, 15, 16, 17, 18, 19, 20, 21, 22, 23, 24, 25, 26, 27, 28], "summary": {"covered_lines": 28, "num_statements": 28, "percent_covered": 100.0, "percent_covered_display": "100", "missing_lines": 0, "excluded_lines": 0}, "missing_lines": [], "excluded_lines": [], "functions": {"": {"executed_lines": [1, 2, 3, 4, 5, 6, 7, 8, 9, 10, 11, 12, 13, 14, 15, 16, 17, 18, 19, 20, 21, 22, 23, 24, 25, 26, 27, 28], "summary": {"covered_lines": 28, "num_statements": 28, "percent_covered": 100.0, "percent_covered_display": "100", "missing_lines": 0, "excluded_lines": 0}, "missing_lines": [], "excluded_lines": []}}, "classes": {"": {"executed_lines": [1, 2, 3, 4, 5, 6, 7, 8, 9, 10, 11, 12, 13, 14, 15, 16, 17, 18, 19, 20, 21, 22, 23, 24, 25, 26, 27, 28], "summary": {"covered_lines": 28, "num_statements": 28, "percent_covered": 100.0, "percent_covered_display": "100", "missing_lines": 0, "excluded_lines": 0}, "missing_lines": [], "excluded_lines": []}}}, "src\\pathsim\\blocks\\_block.py": {"executed_lines": [13, 14, 15, 20, 21, 88, 89, 92, 93, 95, 98, 99, 102, 103, 106, 109, 112, 115, 116, 119, 135, 138, 154, 157, 158, 161, 162, 165, 166, 168, 182, 185, 188, 191, 193, 196, 197, 202, 203, 213, 214, 216, 217, 230, 249, 253, 254, 258, 262, 263, 265, 268, 273, 274, 277, 280, 281, 284, 299, 302, 304, 311, 319, 320, 325, 341, 344, 351, 354, 366, 371, 383, 388, 404, 405, 406, 407, 412, 433, 434, 437, 440, 441, 442, 447, 450, 474, 477, 506], "summary": {"covered_lines": 88, "num_statements": 101, "percent_covered": 87.12871287128714, "percent_covered_display": "87", "missing_lines": 13, "excluded_lines": 0}, "missing_lines": [170, 173, 174, 177, 178, 180, 225, 244, 255, 264, 307, 308, 444], "excluded_lines": [], "functions": {"Block.__init__": {"executed_lines": [98, 99, 102, 103, 106, 109, 112, 115, 116], "summary": {"covered_lines": 9, "num_statements": 9, "percent_covered": 100.0, "percent_covered_display": "100", "missing_lines": 0, "excluded_lines": 0}, "missing_lines": [], "excluded_lines": []}, "Block.__len__": {"executed_lines": [135], "summary": {"covered_lines": 1, "num_statements": 1, "percent_covered": 100.0, "percent_covered_display": "100", "missing_lines": 0, "excluded_lines": 0}, "missing_lines": [], "excluded_lines": []}, "Block.__getitem__": {"executed_lines": [154, 157, 158, 161, 162, 165, 166, 168, 182, 185, 188], "summary": {"covered_lines": 11, "num_statements": 17, "percent_covered": 64.70588235294117, "percent_covered_display": "65", "missing_lines": 6, "excluded_lines": 0}, "missing_lines": [170, 173, 174, 177, 178, 180], "excluded_lines": []}, "Block.__call__": {"executed_lines": [193], "summary": {"covered_lines": 1, "num_statements": 1, "percent_covered": 100.0, "percent_covered_display": "100", "missing_lines": 0, "excluded_lines": 0}, "missing_lines": [], "excluded_lines": []}, "Block.__bool__": {"executed_lines": [197], "summary": {"covered_lines": 1, "num_statements": 1, "percent_covered": 100.0, "percent_covered_display": "100", "missing_lines": 0, "excluded_lines": 0}, "missing_lines": [], "excluded_lines": []}, "Block.size": {"executed_lines": [213, 214], "summary": {"covered_lines": 2, "num_statements": 2, "percent_covered": 100.0, "percent_covered_display": "100", "missing_lines": 0, "excluded_lines": 0}, "missing_lines": [], "excluded_lines": []}, "Block.shape": {"executed_lines": [], "summary": {"covered_lines": 0, "num_statements": 1, "percent_covered": 0.0, "percent_covered_display": "0", "missing_lines": 1, "excluded_lines": 0}, "missing_lines": [225], "excluded_lines": []}, "Block.plot": {"executed_lines": [], "summary": {"covered_lines": 0, "num_statements": 1, "percent_covered": 0.0, "percent_covered_display": "0", "missing_lines": 1, "excluded_lines": 0}, "missing_lines": [244], "excluded_lines": []}, "Block.on": {"executed_lines": [253, 254], "summary": {"covered_lines": 2, "num_statements": 3, "percent_covered": 66.66666666666667, "percent_covered_display": "67", "missing_lines": 1, "excluded_lines": 0}, "missing_lines": [255], "excluded_lines": []}, "Block.off": {"executed_lines": [262, 263, 265], "summary": {"covered_lines": 3, "num_statements": 4, "percent_covered": 75.0, "percent_covered_display": "75", "missing_lines": 1, "excluded_lines": 0}, "missing_lines": [264], "excluded_lines": []}, "Block.reset": {"executed_lines": [273, 274, 277, 280, 281], "summary": {"covered_lines": 5, "num_statements": 5, "percent_covered": 100.0, "percent_covered_display": "100", "missing_lines": 0, "excluded_lines": 0}, "missing_lines": [], "excluded_lines": []}, "Block.linearize": {"executed_lines": [299, 302, 304], "summary": {"covered_lines": 3, "num_statements": 5, "percent_covered": 60.0, "percent_covered_display": "60", "missing_lines": 2, "excluded_lines": 0}, "missing_lines": [307, 308], "excluded_lines": []}, "Block.delinearize": {"executed_lines": [319, 320], "summary": {"covered_lines": 2, "num_statements": 2, "percent_covered": 100.0, "percent_covered_display": "100", "missing_lines": 0, "excluded_lines": 0}, "missing_lines": [], "excluded_lines": []}, "Block.set_solver": {"executed_lines": [341], "summary": {"covered_lines": 1, "num_statements": 1, "percent_covered": 100.0, "percent_covered_display": "100", "missing_lines": 0, "excluded_lines": 0}, "missing_lines": [], "excluded_lines": []}, "Block.revert": {"executed_lines": [351], "summary": {"covered_lines": 1, "num_statements": 1, "percent_covered": 100.0, "percent_covered_display": "100", "missing_lines": 0, "excluded_lines": 0}, "missing_lines": [], "excluded_lines": []}, "Block.buffer": {"executed_lines": [366], "summary": {"covered_lines": 1, "num_statements": 1, "percent_covered": 100.0, "percent_covered_display": "100", "missing_lines": 0, "excluded_lines": 0}, "missing_lines": [], "excluded_lines": []}, "Block.sample": {"executed_lines": [383], "summary": {"covered_lines": 1, "num_statements": 1, "percent_covered": 100.0, "percent_covered_display": "100", "missing_lines": 0, "excluded_lines": 0}, "missing_lines": [], "excluded_lines": []}, "Block.get_all": {"executed_lines": [404, 405, 406, 407], "summary": {"covered_lines": 4, "num_statements": 4, "percent_covered": 100.0, "percent_covered_display": "100", "missing_lines": 0, "excluded_lines": 0}, "missing_lines": [], "excluded_lines": []}, "Block.update": {"executed_lines": [433, 434, 437, 440, 441, 442, 447], "summary": {"covered_lines": 7, "num_statements": 8, "percent_covered": 87.5, "percent_covered_display": "88", "missing_lines": 1, "excluded_lines": 0}, "missing_lines": [444], "excluded_lines": []}, "Block.solve": {"executed_lines": [474], "summary": {"covered_lines": 1, "num_statements": 1, "percent_covered": 100.0, "percent_covered_display": "100", "missing_lines": 0, "excluded_lines": 0}, "missing_lines": [], "excluded_lines": []}, "Block.step": {"executed_lines": [506], "summary": {"covered_lines": 1, "num_statements": 1, "percent_covered": 100.0, "percent_covered_display": "100", "missing_lines": 0, "excluded_lines": 0}, "missing_lines": [], "excluded_lines": []}, "": {"executed_lines": [13, 14, 15, 20, 21, 88, 89, 92, 93, 95, 119, 138, 191, 196, 202, 203, 216, 217, 230, 249, 258, 268, 284, 311, 325, 344, 354, 371, 388, 412, 450, 477], "summary": {"covered_lines": 31, "num_statements": 31, "percent_covered": 100.0, "percent_covered_display": "100", "missing_lines": 0, "excluded_lines": 0}, "missing_lines": [], "excluded_lines": []}}, "classes": {"Block": {"executed_lines": [98, 99, 102, 103, 106, 109, 112, 115, 116, 135, 154, 157, 158, 161, 162, 165, 166, 168, 182, 185, 188, 193, 197, 213, 214, 253, 254, 262, 263, 265, 273, 274, 277, 280, 281, 299, 302, 304, 319, 320, 341, 351, 366, 383, 404, 405, 406, 407, 433, 434, 437, 440, 441, 442, 447, 474, 506], "summary": {"covered_lines": 57, "num_statements": 70, "percent_covered": 81.42857142857143, "percent_covered_display": "81", "missing_lines": 13, "excluded_lines": 0}, "missing_lines": [170, 173, 174, 177, 178, 180, 225, 244, 255, 264, 307, 308, 444], "excluded_lines": []}, "": {"executed_lines": [13, 14, 15, 20, 21, 88, 89, 92, 93, 95, 119, 138, 191, 196, 202, 203, 216, 217, 230, 249, 258, 268, 284, 311, 325, 344, 354, 371, 388, 412, 450, 477], "summary": {"covered_lines": 31, "num_statements": 31, "percent_covered": 100.0, "percent_covered_display": "100", "missing_lines": 0, "excluded_lines": 0}, "missing_lines": [], "excluded_lines": []}}}, "src\\pathsim\\blocks\\adder.py": {"executed_lines": [12, 14, 16, 21, 22, 79, 80, 83, 85, 86, 89, 90, 93, 96, 104, 105, 106, 107, 108, 111, 113, 114, 115, 116, 117, 118, 121, 127, 129, 132, 141, 142, 143], "summary": {"covered_lines": 32, "num_statements": 32, "percent_covered": 100.0, "percent_covered_display": "100", "missing_lines": 0, "excluded_lines": 0}, "missing_lines": [], "excluded_lines": [], "functions": {"Adder.__init__": {"executed_lines": [86, 89, 90, 93, 96, 104, 105, 106, 107, 108, 111, 113, 114, 115, 116, 117, 118, 121], "summary": {"covered_lines": 18, "num_statements": 18, "percent_covered": 100.0, "percent_covered_display": "100", "missing_lines": 0, "excluded_lines": 0}, "missing_lines": [], "excluded_lines": []}, "Adder.__len__": {"executed_lines": [129], "summary": {"covered_lines": 1, "num_statements": 1, "percent_covered": 100.0, "percent_covered_display": "100", "missing_lines": 0, "excluded_lines": 0}, "missing_lines": [], "excluded_lines": []}, "Adder.update": {"executed_lines": [141, 142, 143], "summary": {"covered_lines": 3, "num_statements": 3, "percent_covered": 100.0, "percent_covered_display": "100", "missing_lines": 0, "excluded_lines": 0}, "missing_lines": [], "excluded_lines": []}, "": {"executed_lines": [12, 14, 16, 21, 22, 79, 80, 83, 85, 127, 132], "summary": {"covered_lines": 10, "num_statements": 10, "percent_covered": 100.0, "percent_covered_display": "100", "missing_lines": 0, "excluded_lines": 0}, "missing_lines": [], "excluded_lines": []}}, "classes": {"Adder": {"executed_lines": [86, 89, 90, 93, 96, 104, 105, 106, 107, 108, 111, 113, 114, 115, 116, 117, 118, 121, 129, 141, 142, 143], "summary": {"covered_lines": 22, "num_statements": 22, "percent_covered": 100.0, "percent_covered_display": "100", "missing_lines": 0, "excluded_lines": 0}, "missing_lines": [], "excluded_lines": []}, "": {"executed_lines": [12, 14, 16, 21, 22, 79, 80, 83, 85, 127, 132], "summary": {"covered_lines": 10, "num_statements": 10, "percent_covered": 100.0, "percent_covered_display": "100", "missing_lines": 0, "excluded_lines": 0}, "missing_lines": [], "excluded_lines": []}}}, "src\\pathsim\\blocks\\amplifier.py": {"executed_lines": [10, 12, 17, 18, 56, 57, 60, 61, 63, 64, 65, 67, 73, 81], "summary": {"covered_lines": 13, "num_statements": 13, "percent_covered": 100.0, "percent_covered_display": "100", "missing_lines": 0, "excluded_lines": 0}, "missing_lines": [], "excluded_lines": [], "functions": {"Amplifier.__init__": {"executed_lines": [64, 65, 67], "summary": {"covered_lines": 3, "num_statements": 3, "percent_covered": 100.0, "percent_covered_display": "100", "missing_lines": 0, "excluded_lines": 0}, "missing_lines": [], "excluded_lines": []}, "Amplifier.update": {"executed_lines": [81], "summary": {"covered_lines": 1, "num_statements": 1, "percent_covered": 100.0, "percent_covered_display": "100", "missing_lines": 0, "excluded_lines": 0}, "missing_lines": [], "excluded_lines": []}, "": {"executed_lines": [10, 12, 17, 18, 56, 57, 60, 61, 63, 73], "summary": {"covered_lines": 9, "num_statements": 9, "percent_covered": 100.0, "percent_covered_display": "100", "missing_lines": 0, "excluded_lines": 0}, "missing_lines": [], "excluded_lines": []}}, "classes": {"Amplifier": {"executed_lines": [64, 65, 67, 81], "summary": {"covered_lines": 4, "num_statements": 4, "percent_covered": 100.0, "percent_covered_display": "100", "missing_lines": 0, "excluded_lines": 0}, "missing_lines": [], "excluded_lines": []}, "": {"executed_lines": [10, 12, 17, 18, 56, 57, 60, 61, 63, 73], "summary": {"covered_lines": 9, "num_statements": 9, "percent_covered": 100.0, "percent_covered_display": "100", "missing_lines": 0, "excluded_lines": 0}, "missing_lines": [], "excluded_lines": []}}}, "src\\pathsim\\blocks\\comparator.py": {"executed_lines": [12, 14, 15, 20, 21, 48, 49, 52, 53, 55, 74], "summary": {"covered_lines": 10, "num_statements": 20, "percent_covered": 50.0, "percent_covered_display": "50", "missing_lines": 10, "excluded_lines": 0}, "missing_lines": [56, 58, 59, 60, 62, 63, 66, 95, 96, 98], "excluded_lines": [], "functions": {"Comparator.__init__": {"executed_lines": [], "summary": {"covered_lines": 0, "num_statements": 6, "percent_covered": 0.0, "percent_covered_display": "0", "missing_lines": 6, "excluded_lines": 0}, "missing_lines": [56, 58, 59, 60, 62, 66], "excluded_lines": []}, "Comparator.__init__.func_evt": {"executed_lines": [], "summary": {"covered_lines": 0, "num_statements": 1, "percent_covered": 0.0, "percent_covered_display": "0", "missing_lines": 1, "excluded_lines": 0}, "missing_lines": [63], "excluded_lines": []}, "Comparator.update": {"executed_lines": [], "summary": {"covered_lines": 0, "num_statements": 3, "percent_covered": 0.0, "percent_covered_display": "0", "missing_lines": 3, "excluded_lines": 0}, "missing_lines": [95, 96, 98], "excluded_lines": []}, "": {"executed_lines": [12, 14, 15, 20, 21, 48, 49, 52, 53, 55, 74], "summary": {"covered_lines": 10, "num_statements": 10, "percent_covered": 100.0, "percent_covered_display": "100", "missing_lines": 0, "excluded_lines": 0}, "missing_lines": [], "excluded_lines": []}}, "classes": {"Comparator": {"executed_lines": [], "summary": {"covered_lines": 0, "num_statements": 10, "percent_covered": 0.0, "percent_covered_display": "0", "missing_lines": 10, "excluded_lines": 0}, "missing_lines": [56, 58, 59, 60, 62, 63, 66, 95, 96, 98], "excluded_lines": []}, "": {"executed_lines": [12, 14, 15, 20, 21, 48, 49, 52, 53, 55, 74], "summary": {"covered_lines": 10, "num_statements": 10, "percent_covered": 100.0, "percent_covered_display": "100", "missing_lines": 0, "excluded_lines": 0}, "missing_lines": [], "excluded_lines": []}}}, "src\\pathsim\\blocks\\converters.py": {"executed_lines": [12, 14, 15, 16, 21, 22, 65, 66, 69, 71, 72, 74, 75, 76, 77, 80, 83, 85, 104, 113, 115, 118, 119, 163, 164, 167, 169, 170, 172, 173, 174, 175, 178, 181, 183, 196, 205, 207], "summary": {"covered_lines": 36, "num_statements": 50, "percent_covered": 72.0, "percent_covered_display": "72", "missing_lines": 14, "excluded_lines": 0}, "missing_lines": [88, 89, 91, 92, 93, 94, 97, 100, 101, 186, 189, 190, 192, 193], "excluded_lines": [], "functions": {"ADC.__init__": {"executed_lines": [72, 74, 75, 76, 77, 80, 83, 85, 104], "summary": {"covered_lines": 9, "num_statements": 9, "percent_covered": 100.0, "percent_covered_display": "100", "missing_lines": 0, "excluded_lines": 0}, "missing_lines": [], "excluded_lines": []}, "ADC.__init__._sample": {"executed_lines": [], "summary": {"covered_lines": 0, "num_statements": 9, "percent_covered": 0.0, "percent_covered_display": "0", "missing_lines": 9, "excluded_lines": 0}, "missing_lines": [88, 89, 91, 92, 93, 94, 97, 100, 101], "excluded_lines": []}, "ADC.__len__": {"executed_lines": [115], "summary": {"covered_lines": 1, "num_statements": 1, "percent_covered": 100.0, "percent_covered_display": "100", "missing_lines": 0, "excluded_lines": 0}, "missing_lines": [], "excluded_lines": []}, "DAC.__init__": {"executed_lines": [170, 172, 173, 174, 175, 178, 181, 183, 196], "summary": {"covered_lines": 9, "num_statements": 9, "percent_covered": 100.0, "percent_covered_display": "100", "missing_lines": 0, "excluded_lines": 0}, "missing_lines": [], "excluded_lines": []}, "DAC.__init__._sample": {"executed_lines": [], "summary": {"covered_lines": 0, "num_statements": 5, "percent_covered": 0.0, "percent_covered_display": "0", "missing_lines": 5, "excluded_lines": 0}, "missing_lines": [186, 189, 190, 192, 193], "excluded_lines": []}, "DAC.__len__": {"executed_lines": [207], "summary": {"covered_lines": 1, "num_statements": 1, "percent_covered": 100.0, "percent_covered_display": "100", "missing_lines": 0, "excluded_lines": 0}, "missing_lines": [], "excluded_lines": []}, "": {"executed_lines": [12, 14, 15, 16, 21, 22, 65, 66, 69, 71, 113, 118, 119, 163, 164, 167, 169, 205], "summary": {"covered_lines": 16, "num_statements": 16, "percent_covered": 100.0, "percent_covered_display": "100", "missing_lines": 0, "excluded_lines": 0}, "missing_lines": [], "excluded_lines": []}}, "classes": {"ADC": {"executed_lines": [72, 74, 75, 76, 77, 80, 83, 85, 104, 115], "summary": {"covered_lines": 10, "num_statements": 19, "percent_covered": 52.63157894736842, "percent_covered_display": "53", "missing_lines": 9, "excluded_lines": 0}, "missing_lines": [88, 89, 91, 92, 93, 94, 97, 100, 101], "excluded_lines": []}, "DAC": {"executed_lines": [170, 172, 173, 174, 175, 178, 181, 183, 196, 207], "summary": {"covered_lines": 10, "num_statements": 15, "percent_covered": 66.66666666666667, "percent_covered_display": "67", "missing_lines": 5, "excluded_lines": 0}, "missing_lines": [186, 189, 190, 192, 193], "excluded_lines": []}, "": {"executed_lines": [12, 14, 15, 16, 21, 22, 65, 66, 69, 71, 113, 118, 119, 163, 164, 167, 169, 205], "summary": {"covered_lines": 16, "num_statements": 16, "percent_covered": 100.0, "percent_covered_display": "100", "missing_lines": 0, "excluded_lines": 0}, "missing_lines": [], "excluded_lines": []}}}, "src\\pathsim\\blocks\\counter.py": {"executed_lines": [12, 14, 15, 20, 21, 40, 41, 44, 45, 47, 62, 67, 86, 87, 110, 122, 123, 146], "summary": {"covered_lines": 15, "num_statements": 28, "percent_covered": 53.57142857142857, "percent_covered_display": "54", "missing_lines": 13, "excluded_lines": 0}, "missing_lines": [48, 50, 51, 54, 59, 64, 83, 111, 114, 119, 147, 150, 155], "excluded_lines": [], "functions": {"Counter.__init__": {"executed_lines": [], "summary": {"covered_lines": 0, "num_statements": 5, "percent_covered": 0.0, "percent_covered_display": "0", "missing_lines": 5, "excluded_lines": 0}, "missing_lines": [48, 50, 51, 54, 59], "excluded_lines": []}, "Counter.__len__": {"executed_lines": [], "summary": {"covered_lines": 0, "num_statements": 1, "percent_covered": 0.0, "percent_covered_display": "0", "missing_lines": 1, "excluded_lines": 0}, "missing_lines": [64], "excluded_lines": []}, "Counter.update": {"executed_lines": [], "summary": {"covered_lines": 0, "num_statements": 1, "percent_covered": 0.0, "percent_covered_display": "0", "missing_lines": 1, "excluded_lines": 0}, "missing_lines": [83], "excluded_lines": []}, "CounterUp.__init__": {"executed_lines": [], "summary": {"covered_lines": 0, "num_statements": 3, "percent_covered": 0.0, "percent_covered_display": "0", "missing_lines": 3, "excluded_lines": 0}, "missing_lines": [111, 114, 119], "excluded_lines": []}, "CounterDown.__init__": {"executed_lines": [], "summary": {"covered_lines": 0, "num_statements": 3, "percent_covered": 0.0, "percent_covered_display": "0", "missing_lines": 3, "excluded_lines": 0}, "missing_lines": [147, 150, 155], "excluded_lines": []}, "": {"executed_lines": [12, 14, 15, 20, 21, 40, 41, 44, 45, 47, 62, 67, 86, 87, 110, 122, 123, 146], "summary": {"covered_lines": 15, "num_statements": 15, "percent_covered": 100.0, "percent_covered_display": "100", "missing_lines": 0, "excluded_lines": 0}, "missing_lines": [], "excluded_lines": []}}, "classes": {"Counter": {"executed_lines": [], "summary": {"covered_lines": 0, "num_statements": 7, "percent_covered": 0.0, "percent_covered_display": "0", "missing_lines": 7, "excluded_lines": 0}, "missing_lines": [48, 50, 51, 54, 59, 64, 83], "excluded_lines": []}, "CounterUp": {"executed_lines": [], "summary": {"covered_lines": 0, "num_statements": 3, "percent_covered": 0.0, "percent_covered_display": "0", "missing_lines": 3, "excluded_lines": 0}, "missing_lines": [111, 114, 119], "excluded_lines": []}, "CounterDown": {"executed_lines": [], "summary": {"covered_lines": 0, "num_statements": 3, "percent_covered": 0.0, "percent_covered_display": "0", "missing_lines": 3, "excluded_lines": 0}, "missing_lines": [147, 150, 155], "excluded_lines": []}, "": {"executed_lines": [12, 14, 15, 20, 21, 40, 41, 44, 45, 47, 62, 67, 86, 87, 110, 122, 123, 146], "summary": {"covered_lines": 15, "num_statements": 15, "percent_covered": 100.0, "percent_covered_display": "100", "missing_lines": 0, "excluded_lines": 0}, "missing_lines": [], "excluded_lines": []}}}, "src\\pathsim\\blocks\\ctrl.py": {"executed_lines": [12, 14, 16, 21, 22, 75, 76, 79, 80, 82, 83, 86, 87, 88, 91, 93, 94, 95, 96, 97, 98, 100, 103, 106, 107, 108, 109, 112, 115, 122, 123, 126, 139, 141, 144, 152, 153, 154, 157, 172, 173, 174, 177, 196, 197, 198, 201, 202, 279, 280, 283, 284, 286, 287, 288, 289, 290, 291, 293, 296, 299, 300, 303, 306, 307, 308, 310, 313, 316], "summary": {"covered_lines": 67, "num_statements": 71, "percent_covered": 94.36619718309859, "percent_covered_display": "94", "missing_lines": 4, "excluded_lines": 0}, "missing_lines": [101, 104, 294, 297], "excluded_lines": [], "functions": {"PID.__init__": {"executed_lines": [83, 86, 87, 88, 91, 93, 100, 103, 106, 112, 115], "summary": {"covered_lines": 11, "num_statements": 11, "percent_covered": 100.0, "percent_covered_display": "100", "missing_lines": 0, "excluded_lines": 0}, "missing_lines": [], "excluded_lines": []}, "PID.__init__._g_pid": {"executed_lines": [94, 95, 96, 97, 98], "summary": {"covered_lines": 5, "num_statements": 5, "percent_covered": 100.0, "percent_covered_display": "100", "missing_lines": 0, "excluded_lines": 0}, "missing_lines": [], "excluded_lines": []}, "PID.__init__._jac_x_g_pid": {"executed_lines": [], "summary": {"covered_lines": 0, "num_statements": 1, "percent_covered": 0.0, "percent_covered_display": "0", "missing_lines": 1, "excluded_lines": 0}, "missing_lines": [101], "excluded_lines": []}, "PID.__init__._jac_u_g_pid": {"executed_lines": [], "summary": {"covered_lines": 0, "num_statements": 1, "percent_covered": 0.0, "percent_covered_display": "0", "missing_lines": 1, "excluded_lines": 0}, "missing_lines": [104], "excluded_lines": []}, "PID.__init__._f_pid": {"executed_lines": [107, 108, 109], "summary": {"covered_lines": 3, "num_statements": 3, "percent_covered": 100.0, "percent_covered_display": "100", "missing_lines": 0, "excluded_lines": 0}, "missing_lines": [], "excluded_lines": []}, "PID.__len__": {"executed_lines": [123], "summary": {"covered_lines": 1, "num_statements": 1, "percent_covered": 100.0, "percent_covered_display": "100", "missing_lines": 0, "excluded_lines": 0}, "missing_lines": [], "excluded_lines": []}, "PID.set_solver": {"executed_lines": [139, 141], "summary": {"covered_lines": 2, "num_statements": 2, "percent_covered": 100.0, "percent_covered_display": "100", "missing_lines": 0, "excluded_lines": 0}, "missing_lines": [], "excluded_lines": []}, "PID.update": {"executed_lines": [152, 153, 154], "summary": {"covered_lines": 3, "num_statements": 3, "percent_covered": 100.0, "percent_covered_display": "100", "missing_lines": 0, "excluded_lines": 0}, "missing_lines": [], "excluded_lines": []}, "PID.solve": {"executed_lines": [172, 173, 174], "summary": {"covered_lines": 3, "num_statements": 3, "percent_covered": 100.0, "percent_covered_display": "100", "missing_lines": 0, "excluded_lines": 0}, "missing_lines": [], "excluded_lines": []}, "PID.step": {"executed_lines": [196, 197, 198], "summary": {"covered_lines": 3, "num_statements": 3, "percent_covered": 100.0, "percent_covered_display": "100", "missing_lines": 0, "excluded_lines": 0}, "missing_lines": [], "excluded_lines": []}, "AntiWindupPID.__init__": {"executed_lines": [280, 283, 284, 286, 293, 296, 299, 313, 316], "summary": {"covered_lines": 9, "num_statements": 9, "percent_covered": 100.0, "percent_covered_display": "100", "missing_lines": 0, "excluded_lines": 0}, "missing_lines": [], "excluded_lines": []}, "AntiWindupPID.__init__._g_pid": {"executed_lines": [287, 288, 289, 290, 291], "summary": {"covered_lines": 5, "num_statements": 5, "percent_covered": 100.0, "percent_covered_display": "100", "missing_lines": 0, "excluded_lines": 0}, "missing_lines": [], "excluded_lines": []}, "AntiWindupPID.__init__._jac_x_g_pid": {"executed_lines": [], "summary": {"covered_lines": 0, "num_statements": 1, "percent_covered": 0.0, "percent_covered_display": "0", "missing_lines": 1, "excluded_lines": 0}, "missing_lines": [294], "excluded_lines": []}, "AntiWindupPID.__init__._jac_u_g_pid": {"executed_lines": [], "summary": {"covered_lines": 0, "num_statements": 1, "percent_covered": 0.0, "percent_covered_display": "0", "missing_lines": 1, "excluded_lines": 0}, "missing_lines": [297], "excluded_lines": []}, "AntiWindupPID.__init__._f_pid": {"executed_lines": [300, 303, 306, 307, 308, 310], "summary": {"covered_lines": 6, "num_statements": 6, "percent_covered": 100.0, "percent_covered_display": "100", "missing_lines": 0, "excluded_lines": 0}, "missing_lines": [], "excluded_lines": []}, "": {"executed_lines": [12, 14, 16, 21, 22, 75, 76, 79, 80, 82, 122, 126, 144, 157, 177, 201, 202, 279], "summary": {"covered_lines": 16, "num_statements": 16, "percent_covered": 100.0, "percent_covered_display": "100", "missing_lines": 0, "excluded_lines": 0}, "missing_lines": [], "excluded_lines": []}}, "classes": {"PID": {"executed_lines": [83, 86, 87, 88, 91, 93, 94, 95, 96, 97, 98, 100, 103, 106, 107, 108, 109, 112, 115, 123, 139, 141, 152, 153, 154, 172, 173, 174, 196, 197, 198], "summary": {"covered_lines": 31, "num_statements": 33, "percent_covered": 93.93939393939394, "percent_covered_display": "94", "missing_lines": 2, "excluded_lines": 0}, "missing_lines": [101, 104], "excluded_lines": []}, "AntiWindupPID": {"executed_lines": [280, 283, 284, 286, 287, 288, 289, 290, 291, 293, 296, 299, 300, 303, 306, 307, 308, 310, 313, 316], "summary": {"covered_lines": 20, "num_statements": 22, "percent_covered": 90.9090909090909, "percent_covered_display": "91", "missing_lines": 2, "excluded_lines": 0}, "missing_lines": [294, 297], "excluded_lines": []}, "": {"executed_lines": [12, 14, 16, 21, 22, 75, 76, 79, 80, 82, 122, 126, 144, 157, 177, 201, 202, 279], "summary": {"covered_lines": 16, "num_statements": 16, "percent_covered": 100.0, "percent_covered_display": "100", "missing_lines": 0, "excluded_lines": 0}, "missing_lines": [], "excluded_lines": []}}}, "src\\pathsim\\blocks\\delay.py": {"executed_lines": [12, 14, 16, 21, 22, 63, 64, 67, 68, 70, 71, 74, 77, 80, 82, 85, 86, 89, 92, 103, 104, 107, 118], "summary": {"covered_lines": 22, "num_statements": 22, "percent_covered": 100.0, "percent_covered_display": "100", "missing_lines": 0, "excluded_lines": 0}, "missing_lines": [], "excluded_lines": [], "functions": {"Delay.__init__": {"executed_lines": [71, 74, 77], "summary": {"covered_lines": 3, "num_statements": 3, "percent_covered": 100.0, "percent_covered_display": "100", "missing_lines": 0, "excluded_lines": 0}, "missing_lines": [], "excluded_lines": []}, "Delay.__len__": {"executed_lines": [82], "summary": {"covered_lines": 1, "num_statements": 1, "percent_covered": 100.0, "percent_covered_display": "100", "missing_lines": 0, "excluded_lines": 0}, "missing_lines": [], "excluded_lines": []}, "Delay.reset": {"executed_lines": [86, 89], "summary": {"covered_lines": 2, "num_statements": 2, "percent_covered": 100.0, "percent_covered_display": "100", "missing_lines": 0, "excluded_lines": 0}, "missing_lines": [], "excluded_lines": []}, "Delay.update": {"executed_lines": [103, 104], "summary": {"covered_lines": 2, "num_statements": 2, "percent_covered": 100.0, "percent_covered_display": "100", "missing_lines": 0, "excluded_lines": 0}, "missing_lines": [], "excluded_lines": []}, "Delay.sample": {"executed_lines": [118], "summary": {"covered_lines": 1, "num_statements": 1, "percent_covered": 100.0, "percent_covered_display": "100", "missing_lines": 0, "excluded_lines": 0}, "missing_lines": [], "excluded_lines": []}, "": {"executed_lines": [12, 14, 16, 21, 22, 63, 64, 67, 68, 70, 80, 85, 92, 107], "summary": {"covered_lines": 13, "num_statements": 13, "percent_covered": 100.0, "percent_covered_display": "100", "missing_lines": 0, "excluded_lines": 0}, "missing_lines": [], "excluded_lines": []}}, "classes": {"Delay": {"executed_lines": [71, 74, 77, 82, 86, 89, 103, 104, 118], "summary": {"covered_lines": 9, "num_statements": 9, "percent_covered": 100.0, "percent_covered_display": "100", "missing_lines": 0, "excluded_lines": 0}, "missing_lines": [], "excluded_lines": []}, "": {"executed_lines": [12, 14, 16, 21, 22, 63, 64, 67, 68, 70, 80, 85, 92, 107], "summary": {"covered_lines": 13, "num_statements": 13, "percent_covered": 100.0, "percent_covered_display": "100", "missing_lines": 0, "excluded_lines": 0}, "missing_lines": [], "excluded_lines": []}}}, "src\\pathsim\\blocks\\differentiator.py": {"executed_lines": [12, 14, 16, 21, 22, 66, 67, 70, 71, 73, 74, 77, 79, 83, 89, 90, 93, 107, 109, 112, 121, 122, 123, 126, 146, 165, 166, 167], "summary": {"covered_lines": 27, "num_statements": 30, "percent_covered": 90.0, "percent_covered_display": "90", "missing_lines": 3, "excluded_lines": 0}, "missing_lines": [141, 142, 143], "excluded_lines": [], "functions": {"Differentiator.__init__": {"executed_lines": [74, 77, 79, 83], "summary": {"covered_lines": 4, "num_statements": 4, "percent_covered": 100.0, "percent_covered_display": "100", "missing_lines": 0, "excluded_lines": 0}, "missing_lines": [], "excluded_lines": []}, "Differentiator.__len__": {"executed_lines": [90], "summary": {"covered_lines": 1, "num_statements": 1, "percent_covered": 100.0, "percent_covered_display": "100", "missing_lines": 0, "excluded_lines": 0}, "missing_lines": [], "excluded_lines": []}, "Differentiator.set_solver": {"executed_lines": [107, 109], "summary": {"covered_lines": 2, "num_statements": 2, "percent_covered": 100.0, "percent_covered_display": "100", "missing_lines": 0, "excluded_lines": 0}, "missing_lines": [], "excluded_lines": []}, "Differentiator.update": {"executed_lines": [121, 122, 123], "summary": {"covered_lines": 3, "num_statements": 3, "percent_covered": 100.0, "percent_covered_display": "100", "missing_lines": 0, "excluded_lines": 0}, "missing_lines": [], "excluded_lines": []}, "Differentiator.solve": {"executed_lines": [], "summary": {"covered_lines": 0, "num_statements": 3, "percent_covered": 0.0, "percent_covered_display": "0", "missing_lines": 3, "excluded_lines": 0}, "missing_lines": [141, 142, 143], "excluded_lines": []}, "Differentiator.step": {"executed_lines": [165, 166, 167], "summary": {"covered_lines": 3, "num_statements": 3, "percent_covered": 100.0, "percent_covered_display": "100", "missing_lines": 0, "excluded_lines": 0}, "missing_lines": [], "excluded_lines": []}, "": {"executed_lines": [12, 14, 16, 21, 22, 66, 67, 70, 71, 73, 89, 93, 112, 126, 146], "summary": {"covered_lines": 14, "num_statements": 14, "percent_covered": 100.0, "percent_covered_display": "100", "missing_lines": 0, "excluded_lines": 0}, "missing_lines": [], "excluded_lines": []}}, "classes": {"Differentiator": {"executed_lines": [74, 77, 79, 83, 90, 107, 109, 121, 122, 123, 165, 166, 167], "summary": {"covered_lines": 13, "num_statements": 16, "percent_covered": 81.25, "percent_covered_display": "81", "missing_lines": 3, "excluded_lines": 0}, "missing_lines": [141, 142, 143], "excluded_lines": []}, "": {"executed_lines": [12, 14, 16, 21, 22, 66, 67, 70, 71, 73, 89, 93, 112, 126, 146], "summary": {"covered_lines": 14, "num_statements": 14, "percent_covered": 100.0, "percent_covered_display": "100", "missing_lines": 0, "excluded_lines": 0}, "missing_lines": [], "excluded_lines": []}}}, "src\\pathsim\\blocks\\dynsys.py": {"executed_lines": [10, 12, 14, 19, 20, 54, 62, 65, 66, 69, 72, 75, 79, 84, 96, 97, 98, 101, 113, 115, 118, 121, 130, 131, 134, 154], "summary": {"covered_lines": 25, "num_statements": 31, "percent_covered": 80.64516129032258, "percent_covered_display": "81", "missing_lines": 6, "excluded_lines": 0}, "missing_lines": [149, 150, 151, 173, 174, 175], "excluded_lines": [], "functions": {"DynamicalSystem.__init__": {"executed_lines": [62, 65, 66, 69, 72, 75, 79], "summary": {"covered_lines": 7, "num_statements": 7, "percent_covered": 100.0, "percent_covered_display": "100", "missing_lines": 0, "excluded_lines": 0}, "missing_lines": [], "excluded_lines": []}, "DynamicalSystem.__len__": {"executed_lines": [96, 97, 98], "summary": {"covered_lines": 3, "num_statements": 3, "percent_covered": 100.0, "percent_covered_display": "100", "missing_lines": 0, "excluded_lines": 0}, "missing_lines": [], "excluded_lines": []}, "DynamicalSystem.set_solver": {"executed_lines": [113, 115, 118], "summary": {"covered_lines": 3, "num_statements": 3, "percent_covered": 100.0, "percent_covered_display": "100", "missing_lines": 0, "excluded_lines": 0}, "missing_lines": [], "excluded_lines": []}, "DynamicalSystem.update": {"executed_lines": [130, 131], "summary": {"covered_lines": 2, "num_statements": 2, "percent_covered": 100.0, "percent_covered_display": "100", "missing_lines": 0, "excluded_lines": 0}, "missing_lines": [], "excluded_lines": []}, "DynamicalSystem.solve": {"executed_lines": [], "summary": {"covered_lines": 0, "num_statements": 3, "percent_covered": 0.0, "percent_covered_display": "0", "missing_lines": 3, "excluded_lines": 0}, "missing_lines": [149, 150, 151], "excluded_lines": []}, "DynamicalSystem.step": {"executed_lines": [], "summary": {"covered_lines": 0, "num_statements": 3, "percent_covered": 0.0, "percent_covered_display": "0", "missing_lines": 3, "excluded_lines": 0}, "missing_lines": [173, 174, 175], "excluded_lines": []}, "": {"executed_lines": [10, 12, 14, 19, 20, 54, 84, 101, 121, 134, 154], "summary": {"covered_lines": 10, "num_statements": 10, "percent_covered": 100.0, "percent_covered_display": "100", "missing_lines": 0, "excluded_lines": 0}, "missing_lines": [], "excluded_lines": []}}, "classes": {"DynamicalSystem": {"executed_lines": [62, 65, 66, 69, 72, 75, 79, 96, 97, 98, 113, 115, 118, 130, 131], "summary": {"covered_lines": 15, "num_statements": 21, "percent_covered": 71.42857142857143, "percent_covered_display": "71", "missing_lines": 6, "excluded_lines": 0}, "missing_lines": [149, 150, 151, 173, 174, 175], "excluded_lines": []}, "": {"executed_lines": [10, 12, 14, 19, 20, 54, 84, 101, 121, 134, 154], "summary": {"covered_lines": 10, "num_statements": 10, "percent_covered": 100.0, "percent_covered_display": "100", "missing_lines": 0, "excluded_lines": 0}, "missing_lines": [], "excluded_lines": []}}}, "src\\pathsim\\blocks\\filters.py": {"executed_lines": [11, 13, 15, 17, 22, 23, 39, 40, 43, 44, 46, 49, 50, 53, 54, 57, 58, 61, 62, 78, 79, 82, 83, 85, 88, 89, 92, 93, 96, 97, 100, 101, 117, 118, 121, 122, 124, 127, 128, 130, 131, 134, 137, 140, 141, 157, 158, 161, 162, 164, 180, 181, 199, 200, 203, 204, 206, 209, 210, 213, 214, 217, 222, 225, 228], "summary": {"covered_lines": 60, "num_statements": 68, "percent_covered": 88.23529411764706, "percent_covered_display": "88", "missing_lines": 8, "excluded_lines": 0}, "missing_lines": [167, 168, 170, 171, 174, 177, 218, 219], "excluded_lines": [], "functions": {"ButterworthLowpassFilter.__init__": {"executed_lines": [49, 50, 53, 54, 57, 58], "summary": {"covered_lines": 6, "num_statements": 6, "percent_covered": 100.0, "percent_covered_display": "100", "missing_lines": 0, "excluded_lines": 0}, "missing_lines": [], "excluded_lines": []}, "ButterworthHighpassFilter.__init__": {"executed_lines": [88, 89, 92, 93, 96, 97], "summary": {"covered_lines": 6, "num_statements": 6, "percent_covered": 100.0, "percent_covered_display": "100", "missing_lines": 0, "excluded_lines": 0}, "missing_lines": [], "excluded_lines": []}, "ButterworthBandpassFilter.__init__": {"executed_lines": [127, 128, 130, 131, 134, 137], "summary": {"covered_lines": 6, "num_statements": 6, "percent_covered": 100.0, "percent_covered_display": "100", "missing_lines": 0, "excluded_lines": 0}, "missing_lines": [], "excluded_lines": []}, "ButterworthBandstopFilter.__init__": {"executed_lines": [], "summary": {"covered_lines": 0, "num_statements": 6, "percent_covered": 0.0, "percent_covered_display": "0", "missing_lines": 6, "excluded_lines": 0}, "missing_lines": [167, 168, 170, 171, 174, 177], "excluded_lines": []}, "AllpassFilter.__init__": {"executed_lines": [209, 210, 213, 214, 217, 222, 225, 228], "summary": {"covered_lines": 8, "num_statements": 10, "percent_covered": 80.0, "percent_covered_display": "80", "missing_lines": 2, "excluded_lines": 0}, "missing_lines": [218, 219], "excluded_lines": []}, "": {"executed_lines": [11, 13, 15, 17, 22, 23, 39, 40, 43, 44, 46, 61, 62, 78, 79, 82, 83, 85, 100, 101, 117, 118, 121, 122, 124, 140, 141, 157, 158, 161, 162, 164, 180, 181, 199, 200, 203, 204, 206], "summary": {"covered_lines": 34, "num_statements": 34, "percent_covered": 100.0, "percent_covered_display": "100", "missing_lines": 0, "excluded_lines": 0}, "missing_lines": [], "excluded_lines": []}}, "classes": {"ButterworthLowpassFilter": {"executed_lines": [49, 50, 53, 54, 57, 58], "summary": {"covered_lines": 6, "num_statements": 6, "percent_covered": 100.0, "percent_covered_display": "100", "missing_lines": 0, "excluded_lines": 0}, "missing_lines": [], "excluded_lines": []}, "ButterworthHighpassFilter": {"executed_lines": [88, 89, 92, 93, 96, 97], "summary": {"covered_lines": 6, "num_statements": 6, "percent_covered": 100.0, "percent_covered_display": "100", "missing_lines": 0, "excluded_lines": 0}, "missing_lines": [], "excluded_lines": []}, "ButterworthBandpassFilter": {"executed_lines": [127, 128, 130, 131, 134, 137], "summary": {"covered_lines": 6, "num_statements": 6, "percent_covered": 100.0, "percent_covered_display": "100", "missing_lines": 0, "excluded_lines": 0}, "missing_lines": [], "excluded_lines": []}, "ButterworthBandstopFilter": {"executed_lines": [], "summary": {"covered_lines": 0, "num_statements": 6, "percent_covered": 0.0, "percent_covered_display": "0", "missing_lines": 6, "excluded_lines": 0}, "missing_lines": [167, 168, 170, 171, 174, 177], "excluded_lines": []}, "AllpassFilter": {"executed_lines": [209, 210, 213, 214, 217, 222, 225, 228], "summary": {"covered_lines": 8, "num_statements": 10, "percent_covered": 80.0, "percent_covered_display": "80", "missing_lines": 2, "excluded_lines": 0}, "missing_lines": [218, 219], "excluded_lines": []}, "": {"executed_lines": [11, 13, 15, 17, 22, 23, 39, 40, 43, 44, 46, 61, 62, 78, 79, 82, 83, 85, 100, 101, 117, 118, 121, 122, 124, 140, 141, 157, 158, 161, 162, 164, 180, 181, 199, 200, 203, 204, 206], "summary": {"covered_lines": 34, "num_statements": 34, "percent_covered": 100.0, "percent_covered_display": "100", "missing_lines": 0, "excluded_lines": 0}, "missing_lines": [], "excluded_lines": []}}}, "src\\pathsim\\blocks\\fir.py": {"executed_lines": [12, 13, 15, 16, 21, 22, 73, 74, 77, 78, 80, 112, 119], "summary": {"covered_lines": 12, "num_statements": 27, "percent_covered": 44.44444444444444, "percent_covered_display": "44", "missing_lines": 15, "excluded_lines": 0}, "missing_lines": [81, 83, 84, 85, 88, 89, 91, 94, 97, 100, 103, 114, 115, 116, 121], "excluded_lines": [], "functions": {"FIR.__init__": {"executed_lines": [], "summary": {"covered_lines": 0, "num_statements": 8, "percent_covered": 0.0, "percent_covered_display": "0", "missing_lines": 8, "excluded_lines": 0}, "missing_lines": [81, 83, 84, 85, 88, 89, 91, 103], "excluded_lines": []}, "FIR.__init__._update_fir": {"executed_lines": [], "summary": {"covered_lines": 0, "num_statements": 3, "percent_covered": 0.0, "percent_covered_display": "0", "missing_lines": 3, "excluded_lines": 0}, "missing_lines": [94, 97, 100], "excluded_lines": []}, "FIR.reset": {"executed_lines": [], "summary": {"covered_lines": 0, "num_statements": 3, "percent_covered": 0.0, "percent_covered_display": "0", "missing_lines": 3, "excluded_lines": 0}, "missing_lines": [114, 115, 116], "excluded_lines": []}, "FIR.__len__": {"executed_lines": [], "summary": {"covered_lines": 0, "num_statements": 1, "percent_covered": 0.0, "percent_covered_display": "0", "missing_lines": 1, "excluded_lines": 0}, "missing_lines": [121], "excluded_lines": []}, "": {"executed_lines": [12, 13, 15, 16, 21, 22, 73, 74, 77, 78, 80, 112, 119], "summary": {"covered_lines": 12, "num_statements": 12, "percent_covered": 100.0, "percent_covered_display": "100", "missing_lines": 0, "excluded_lines": 0}, "missing_lines": [], "excluded_lines": []}}, "classes": {"FIR": {"executed_lines": [], "summary": {"covered_lines": 0, "num_statements": 15, "percent_covered": 0.0, "percent_covered_display": "0", "missing_lines": 15, "excluded_lines": 0}, "missing_lines": [81, 83, 84, 85, 88, 89, 91, 94, 97, 100, 103, 114, 115, 116, 121], "excluded_lines": []}, "": {"executed_lines": [12, 13, 15, 16, 21, 22, 73, 74, 77, 78, 80, 112, 119], "summary": {"covered_lines": 12, "num_statements": 12, "percent_covered": 100.0, "percent_covered_display": "100", "missing_lines": 0, "excluded_lines": 0}, "missing_lines": [], "excluded_lines": []}}}, "src\\pathsim\\blocks\\fmu.py": {"executed_lines": [10, 12, 13, 14, 19, 20, 70, 71, 74, 75, 77, 81, 82, 83, 84, 88, 89, 90, 91, 94, 97, 100, 103, 106, 112, 115, 116, 118, 119, 120, 121, 122, 123, 124, 127, 130, 131, 148, 151, 158, 159, 162, 165, 168, 177, 180, 183, 185, 189, 190, 191, 194, 199, 200, 201, 204, 206, 207, 208, 209, 210, 218, 219, 220, 221, 222, 223, 226, 228, 239, 241, 244, 249, 252, 254, 255, 256, 259, 261, 262, 263, 266, 268, 273, 291, 293, 296], "summary": {"covered_lines": 86, "num_statements": 125, "percent_covered": 68.8, "percent_covered_display": "69", "missing_lines": 39, "excluded_lines": 0}, "missing_lines": [85, 86, 107, 108, 110, 137, 138, 145, 152, 186, 195, 196, 197, 212, 213, 214, 215, 229, 230, 231, 232, 233, 234, 235, 236, 269, 270, 275, 276, 278, 279, 285, 287, 288, 298, 299, 300, 301, 302], "excluded_lines": [], "functions": {"CoSimulationFMU.__init__": {"executed_lines": [81, 82, 83, 84, 88, 89, 90, 91, 94, 97, 100, 103, 106, 112, 115, 116, 118, 119, 120, 121, 122, 123, 124, 127, 130, 131, 148, 151, 158, 159, 162, 165, 168, 177], "summary": {"covered_lines": 34, "num_statements": 43, "percent_covered": 79.06976744186046, "percent_covered_display": "79", "missing_lines": 9, "excluded_lines": 0}, "missing_lines": [85, 86, 107, 108, 110, 137, 138, 145, 152], "excluded_lines": []}, "CoSimulationFMU._extract_fmu_metadata": {"executed_lines": [183, 185, 189, 190, 191, 194, 199, 200, 201, 204, 206, 207, 208, 209, 210, 218, 219, 220, 221, 222, 223], "summary": {"covered_lines": 21, "num_statements": 29, "percent_covered": 72.41379310344827, "percent_covered_display": "72", "missing_lines": 8, "excluded_lines": 0}, "missing_lines": [186, 195, 196, 197, 212, 213, 214, 215], "excluded_lines": []}, "CoSimulationFMU._set_start_values": {"executed_lines": [228], "summary": {"covered_lines": 1, "num_statements": 9, "percent_covered": 11.11111111111111, "percent_covered_display": "11", "missing_lines": 8, "excluded_lines": 0}, "missing_lines": [229, 230, 231, 232, 233, 234, 235, 236], "excluded_lines": []}, "CoSimulationFMU._step_fmu": {"executed_lines": [241, 244, 249], "summary": {"covered_lines": 3, "num_statements": 3, "percent_covered": 100.0, "percent_covered_display": "100", "missing_lines": 0, "excluded_lines": 0}, "missing_lines": [], "excluded_lines": []}, "CoSimulationFMU._update_fmu_from_inputs": {"executed_lines": [254, 255, 256], "summary": {"covered_lines": 3, "num_statements": 3, "percent_covered": 100.0, "percent_covered_display": "100", "missing_lines": 0, "excluded_lines": 0}, "missing_lines": [], "excluded_lines": []}, "CoSimulationFMU._update_outputs_from_fmu": {"executed_lines": [261, 262, 263], "summary": {"covered_lines": 3, "num_statements": 3, "percent_covered": 100.0, "percent_covered_display": "100", "missing_lines": 0, "excluded_lines": 0}, "missing_lines": [], "excluded_lines": []}, "CoSimulationFMU.update": {"executed_lines": [268], "summary": {"covered_lines": 1, "num_statements": 3, "percent_covered": 33.333333333333336, "percent_covered_display": "33", "missing_lines": 2, "excluded_lines": 0}, "missing_lines": [269, 270], "excluded_lines": []}, "CoSimulationFMU.reset": {"executed_lines": [], "summary": {"covered_lines": 0, "num_statements": 7, "percent_covered": 0.0, "percent_covered_display": "0", "missing_lines": 7, "excluded_lines": 0}, "missing_lines": [275, 276, 278, 279, 285, 287, 288], "excluded_lines": []}, "CoSimulationFMU.__len__": {"executed_lines": [293], "summary": {"covered_lines": 1, "num_statements": 1, "percent_covered": 100.0, "percent_covered_display": "100", "missing_lines": 0, "excluded_lines": 0}, "missing_lines": [], "excluded_lines": []}, "CoSimulationFMU.__del__": {"executed_lines": [], "summary": {"covered_lines": 0, "num_statements": 5, "percent_covered": 0.0, "percent_covered_display": "0", "missing_lines": 5, "excluded_lines": 0}, "missing_lines": [298, 299, 300, 301, 302], "excluded_lines": []}, "": {"executed_lines": [10, 12, 13, 14, 19, 20, 70, 71, 74, 75, 77, 180, 226, 239, 252, 259, 266, 273, 291, 296], "summary": {"covered_lines": 19, "num_statements": 19, "percent_covered": 100.0, "percent_covered_display": "100", "missing_lines": 0, "excluded_lines": 0}, "missing_lines": [], "excluded_lines": []}}, "classes": {"CoSimulationFMU": {"executed_lines": [81, 82, 83, 84, 88, 89, 90, 91, 94, 97, 100, 103, 106, 112, 115, 116, 118, 119, 120, 121, 122, 123, 124, 127, 130, 131, 148, 151, 158, 159, 162, 165, 168, 177, 183, 185, 189, 190, 191, 194, 199, 200, 201, 204, 206, 207, 208, 209, 210, 218, 219, 220, 221, 222, 223, 228, 241, 244, 249, 254, 255, 256, 261, 262, 263, 268, 293], "summary": {"covered_lines": 67, "num_statements": 106, "percent_covered": 63.20754716981132, "percent_covered_display": "63", "missing_lines": 39, "excluded_lines": 0}, "missing_lines": [85, 86, 107, 108, 110, 137, 138, 145, 152, 186, 195, 196, 197, 212, 213, 214, 215, 229, 230, 231, 232, 233, 234, 235, 236, 269, 270, 275, 276, 278, 279, 285, 287, 288, 298, 299, 300, 301, 302], "excluded_lines": []}, "": {"executed_lines": [10, 12, 13, 14, 19, 20, 70, 71, 74, 75, 77, 180, 226, 239, 252, 259, 266, 273, 291, 296], "summary": {"covered_lines": 19, "num_statements": 19, "percent_covered": 100.0, "percent_covered_display": "100", "missing_lines": 0, "excluded_lines": 0}, "missing_lines": [], "excluded_lines": []}}}, "src\\pathsim\\blocks\\function.py": {"executed_lines": [10, 12, 14, 19, 20, 117, 118, 121, 122, 125, 126, 129, 140, 141, 145, 146, 215, 216, 219, 223, 224, 227, 238, 239], "summary": {"covered_lines": 22, "num_statements": 23, "percent_covered": 95.65217391304348, "percent_covered_display": "96", "missing_lines": 1, "excluded_lines": 0}, "missing_lines": [220], "excluded_lines": [], "functions": {"Function.__init__": {"executed_lines": [118, 121, 122, 125, 126], "summary": {"covered_lines": 5, "num_statements": 5, "percent_covered": 100.0, "percent_covered_display": "100", "missing_lines": 0, "excluded_lines": 0}, "missing_lines": [], "excluded_lines": []}, "Function.update": {"executed_lines": [140, 141], "summary": {"covered_lines": 2, "num_statements": 2, "percent_covered": 100.0, "percent_covered_display": "100", "missing_lines": 0, "excluded_lines": 0}, "missing_lines": [], "excluded_lines": []}, "DynamicalFunction.__init__": {"executed_lines": [216, 219, 223, 224], "summary": {"covered_lines": 4, "num_statements": 5, "percent_covered": 80.0, "percent_covered_display": "80", "missing_lines": 1, "excluded_lines": 0}, "missing_lines": [220], "excluded_lines": []}, "DynamicalFunction.update": {"executed_lines": [238, 239], "summary": {"covered_lines": 2, "num_statements": 2, "percent_covered": 100.0, "percent_covered_display": "100", "missing_lines": 0, "excluded_lines": 0}, "missing_lines": [], "excluded_lines": []}, "": {"executed_lines": [10, 12, 14, 19, 20, 117, 129, 145, 146, 215, 227], "summary": {"covered_lines": 9, "num_statements": 9, "percent_covered": 100.0, "percent_covered_display": "100", "missing_lines": 0, "excluded_lines": 0}, "missing_lines": [], "excluded_lines": []}}, "classes": {"Function": {"executed_lines": [118, 121, 122, 125, 126, 140, 141], "summary": {"covered_lines": 7, "num_statements": 7, "percent_covered": 100.0, "percent_covered_display": "100", "missing_lines": 0, "excluded_lines": 0}, "missing_lines": [], "excluded_lines": []}, "DynamicalFunction": {"executed_lines": [216, 219, 223, 224, 238, 239], "summary": {"covered_lines": 6, "num_statements": 7, "percent_covered": 85.71428571428571, "percent_covered_display": "86", "missing_lines": 1, "excluded_lines": 0}, "missing_lines": [220], "excluded_lines": []}, "": {"executed_lines": [10, 12, 14, 19, 20, 117, 129, 145, 146, 215, 227], "summary": {"covered_lines": 9, "num_statements": 9, "percent_covered": 100.0, "percent_covered_display": "100", "missing_lines": 0, "excluded_lines": 0}, "missing_lines": [], "excluded_lines": []}}}, "src\\pathsim\\blocks\\integrator.py": {"executed_lines": [12, 14, 16, 21, 22, 57, 58, 61, 64, 65, 68, 81, 83, 87, 90, 103, 106, 121, 122, 125, 144, 145], "summary": {"covered_lines": 21, "num_statements": 21, "percent_covered": 100.0, "percent_covered_display": "100", "missing_lines": 0, "excluded_lines": 0}, "missing_lines": [], "excluded_lines": [], "functions": {"Integrator.__init__": {"executed_lines": [58, 61], "summary": {"covered_lines": 2, "num_statements": 2, "percent_covered": 100.0, "percent_covered_display": "100", "missing_lines": 0, "excluded_lines": 0}, "missing_lines": [], "excluded_lines": []}, "Integrator.__len__": {"executed_lines": [65], "summary": {"covered_lines": 1, "num_statements": 1, "percent_covered": 100.0, "percent_covered_display": "100", "missing_lines": 0, "excluded_lines": 0}, "missing_lines": [], "excluded_lines": []}, "Integrator.set_solver": {"executed_lines": [81, 83, 87], "summary": {"covered_lines": 3, "num_statements": 3, "percent_covered": 100.0, "percent_covered_display": "100", "missing_lines": 0, "excluded_lines": 0}, "missing_lines": [], "excluded_lines": []}, "Integrator.update": {"executed_lines": [103], "summary": {"covered_lines": 1, "num_statements": 1, "percent_covered": 100.0, "percent_covered_display": "100", "missing_lines": 0, "excluded_lines": 0}, "missing_lines": [], "excluded_lines": []}, "Integrator.solve": {"executed_lines": [121, 122], "summary": {"covered_lines": 2, "num_statements": 2, "percent_covered": 100.0, "percent_covered_display": "100", "missing_lines": 0, "excluded_lines": 0}, "missing_lines": [], "excluded_lines": []}, "Integrator.step": {"executed_lines": [144, 145], "summary": {"covered_lines": 2, "num_statements": 2, "percent_covered": 100.0, "percent_covered_display": "100", "missing_lines": 0, "excluded_lines": 0}, "missing_lines": [], "excluded_lines": []}, "": {"executed_lines": [12, 14, 16, 21, 22, 57, 64, 68, 90, 106, 125], "summary": {"covered_lines": 10, "num_statements": 10, "percent_covered": 100.0, "percent_covered_display": "100", "missing_lines": 0, "excluded_lines": 0}, "missing_lines": [], "excluded_lines": []}}, "classes": {"Integrator": {"executed_lines": [58, 61, 65, 81, 83, 87, 103, 121, 122, 144, 145], "summary": {"covered_lines": 11, "num_statements": 11, "percent_covered": 100.0, "percent_covered_display": "100", "missing_lines": 0, "excluded_lines": 0}, "missing_lines": [], "excluded_lines": []}, "": {"executed_lines": [12, 14, 16, 21, 22, 57, 64, 68, 90, 106, 125], "summary": {"covered_lines": 10, "num_statements": 10, "percent_covered": 100.0, "percent_covered_display": "100", "missing_lines": 0, "excluded_lines": 0}, "missing_lines": [], "excluded_lines": []}}}, "src\\pathsim\\blocks\\lti.py": {"executed_lines": [13, 15, 16, 18, 20, 21, 23, 28, 29, 84, 87, 90, 91, 92, 93, 96, 97, 98, 99, 100, 103, 104, 107, 108, 110, 113, 118, 125, 127, 129, 142, 144, 148, 151, 171, 190, 191, 192, 195, 196, 236, 237, 240, 241, 243, 246, 249, 252, 255, 256, 264, 265, 267, 268, 273, 274, 312, 315, 318, 321, 324, 325, 361, 362, 365, 366, 368, 371, 374, 377], "summary": {"covered_lines": 65, "num_statements": 68, "percent_covered": 95.58823529411765, "percent_covered_display": "96", "missing_lines": 3, "excluded_lines": 0}, "missing_lines": [166, 167, 168], "excluded_lines": [], "functions": {"StateSpace.__init__": {"executed_lines": [87, 90, 91, 92, 93, 96, 97, 98, 99, 100, 103, 104, 107, 108, 110, 113, 118], "summary": {"covered_lines": 17, "num_statements": 17, "percent_covered": 100.0, "percent_covered_display": "100", "missing_lines": 0, "excluded_lines": 0}, "missing_lines": [], "excluded_lines": []}, "StateSpace.__len__": {"executed_lines": [127], "summary": {"covered_lines": 1, "num_statements": 1, "percent_covered": 100.0, "percent_covered_display": "100", "missing_lines": 0, "excluded_lines": 0}, "missing_lines": [], "excluded_lines": []}, "StateSpace.set_solver": {"executed_lines": [142, 144, 148], "summary": {"covered_lines": 3, "num_statements": 3, "percent_covered": 100.0, "percent_covered_display": "100", "missing_lines": 0, "excluded_lines": 0}, "missing_lines": [], "excluded_lines": []}, "StateSpace.solve": {"executed_lines": [], "summary": {"covered_lines": 0, "num_statements": 3, "percent_covered": 0.0, "percent_covered_display": "0", "missing_lines": 3, "excluded_lines": 0}, "missing_lines": [166, 167, 168], "excluded_lines": []}, "StateSpace.step": {"executed_lines": [190, 191, 192], "summary": {"covered_lines": 3, "num_statements": 3, "percent_covered": 100.0, "percent_covered_display": "100", "missing_lines": 0, "excluded_lines": 0}, "missing_lines": [], "excluded_lines": []}, "TransferFunctionPRC.__init__": {"executed_lines": [246, 249, 252], "summary": {"covered_lines": 3, "num_statements": 3, "percent_covered": 100.0, "percent_covered_display": "100", "missing_lines": 0, "excluded_lines": 0}, "missing_lines": [], "excluded_lines": []}, "TransferFunction.__init__": {"executed_lines": [265, 267, 268], "summary": {"covered_lines": 3, "num_statements": 3, "percent_covered": 100.0, "percent_covered_display": "100", "missing_lines": 0, "excluded_lines": 0}, "missing_lines": [], "excluded_lines": []}, "TransferFunctionZPG.__init__": {"executed_lines": [315, 318, 321], "summary": {"covered_lines": 3, "num_statements": 3, "percent_covered": 100.0, "percent_covered_display": "100", "missing_lines": 0, "excluded_lines": 0}, "missing_lines": [], "excluded_lines": []}, "TransferFunctionNumDen.__init__": {"executed_lines": [371, 374, 377], "summary": {"covered_lines": 3, "num_statements": 3, "percent_covered": 100.0, "percent_covered_display": "100", "missing_lines": 0, "excluded_lines": 0}, "missing_lines": [], "excluded_lines": []}, "": {"executed_lines": [13, 15, 16, 18, 20, 21, 23, 28, 29, 84, 125, 129, 151, 171, 195, 196, 236, 237, 240, 241, 243, 255, 256, 264, 273, 274, 312, 324, 325, 361, 362, 365, 366, 368], "summary": {"covered_lines": 29, "num_statements": 29, "percent_covered": 100.0, "percent_covered_display": "100", "missing_lines": 0, "excluded_lines": 0}, "missing_lines": [], "excluded_lines": []}}, "classes": {"StateSpace": {"executed_lines": [87, 90, 91, 92, 93, 96, 97, 98, 99, 100, 103, 104, 107, 108, 110, 113, 118, 127, 142, 144, 148, 190, 191, 192], "summary": {"covered_lines": 24, "num_statements": 27, "percent_covered": 88.88888888888889, "percent_covered_display": "89", "missing_lines": 3, "excluded_lines": 0}, "missing_lines": [166, 167, 168], "excluded_lines": []}, "TransferFunctionPRC": {"executed_lines": [246, 249, 252], "summary": {"covered_lines": 3, "num_statements": 3, "percent_covered": 100.0, "percent_covered_display": "100", "missing_lines": 0, "excluded_lines": 0}, "missing_lines": [], "excluded_lines": []}, "TransferFunction": {"executed_lines": [265, 267, 268], "summary": {"covered_lines": 3, "num_statements": 3, "percent_covered": 100.0, "percent_covered_display": "100", "missing_lines": 0, "excluded_lines": 0}, "missing_lines": [], "excluded_lines": []}, "TransferFunctionZPG": {"executed_lines": [315, 318, 321], "summary": {"covered_lines": 3, "num_statements": 3, "percent_covered": 100.0, "percent_covered_display": "100", "missing_lines": 0, "excluded_lines": 0}, "missing_lines": [], "excluded_lines": []}, "TransferFunctionNumDen": {"executed_lines": [371, 374, 377], "summary": {"covered_lines": 3, "num_statements": 3, "percent_covered": 100.0, "percent_covered_display": "100", "missing_lines": 0, "excluded_lines": 0}, "missing_lines": [], "excluded_lines": []}, "": {"executed_lines": [13, 15, 16, 18, 20, 21, 23, 28, 29, 84, 125, 129, 151, 171, 195, 196, 236, 237, 240, 241, 243, 255, 256, 264, 273, 274, 312, 324, 325, 361, 362, 365, 366, 368], "summary": {"covered_lines": 29, "num_statements": 29, "percent_covered": 100.0, "percent_covered_display": "100", "missing_lines": 0, "excluded_lines": 0}, "missing_lines": [], "excluded_lines": []}}}, "src\\pathsim\\blocks\\math.py": {"executed_lines": [12, 14, 16, 21, 22, 32, 37, 45, 46, 47, 52, 53, 68, 69, 72, 78, 79, 93, 94, 97, 103, 104, 118, 119, 122, 128, 129, 143, 144, 147, 153, 154, 173, 174, 176, 179, 185, 186, 206, 207, 209, 211, 230, 236, 237, 251, 252, 255, 261, 262, 276, 277, 280, 286, 287, 301, 302, 305, 311, 312, 326, 327, 330, 336, 337, 351, 352, 355, 361, 362, 376, 377, 380, 386, 387, 401, 402, 405, 411, 412, 426, 427, 430, 436, 437, 451, 452, 455, 461, 462, 486, 487, 489, 492, 498, 499, 520, 521, 523, 524, 527, 532], "summary": {"covered_lines": 84, "num_statements": 97, "percent_covered": 86.5979381443299, "percent_covered_display": "87", "missing_lines": 13, "excluded_lines": 0}, "missing_lines": [34, 212, 213, 215, 217, 220, 221, 222, 223, 225, 227, 529, 530], "excluded_lines": [], "functions": {"Math.__len__": {"executed_lines": [], "summary": {"covered_lines": 0, "num_statements": 1, "percent_covered": 0.0, "percent_covered_display": "0", "missing_lines": 1, "excluded_lines": 0}, "missing_lines": [34], "excluded_lines": []}, "Math.update": {"executed_lines": [45, 46, 47], "summary": {"covered_lines": 3, "num_statements": 3, "percent_covered": 100.0, "percent_covered_display": "100", "missing_lines": 0, "excluded_lines": 0}, "missing_lines": [], "excluded_lines": []}, "Sin.__init__": {"executed_lines": [69, 72], "summary": {"covered_lines": 2, "num_statements": 2, "percent_covered": 100.0, "percent_covered_display": "100", "missing_lines": 0, "excluded_lines": 0}, "missing_lines": [], "excluded_lines": []}, "Cos.__init__": {"executed_lines": [94, 97], "summary": {"covered_lines": 2, "num_statements": 2, "percent_covered": 100.0, "percent_covered_display": "100", "missing_lines": 0, "excluded_lines": 0}, "missing_lines": [], "excluded_lines": []}, "Sqrt.__init__": {"executed_lines": [119, 122], "summary": {"covered_lines": 2, "num_statements": 2, "percent_covered": 100.0, "percent_covered_display": "100", "missing_lines": 0, "excluded_lines": 0}, "missing_lines": [], "excluded_lines": []}, "Abs.__init__": {"executed_lines": [144, 147], "summary": {"covered_lines": 2, "num_statements": 2, "percent_covered": 100.0, "percent_covered_display": "100", "missing_lines": 0, "excluded_lines": 0}, "missing_lines": [], "excluded_lines": []}, "Pow.__init__": {"executed_lines": [174, 176, 179], "summary": {"covered_lines": 3, "num_statements": 3, "percent_covered": 100.0, "percent_covered_display": "100", "missing_lines": 0, "excluded_lines": 0}, "missing_lines": [], "excluded_lines": []}, "PowProd.__init__": {"executed_lines": [207, 209, 211, 230], "summary": {"covered_lines": 4, "num_statements": 4, "percent_covered": 100.0, "percent_covered_display": "100", "missing_lines": 0, "excluded_lines": 0}, "missing_lines": [], "excluded_lines": []}, "PowProd.__init__._jac": {"executed_lines": [], "summary": {"covered_lines": 0, "num_statements": 10, "percent_covered": 0.0, "percent_covered_display": "0", "missing_lines": 10, "excluded_lines": 0}, "missing_lines": [212, 213, 215, 217, 220, 221, 222, 223, 225, 227], "excluded_lines": []}, "Exp.__init__": {"executed_lines": [252, 255], "summary": {"covered_lines": 2, "num_statements": 2, "percent_covered": 100.0, "percent_covered_display": "100", "missing_lines": 0, "excluded_lines": 0}, "missing_lines": [], "excluded_lines": []}, "Log.__init__": {"executed_lines": [277, 280], "summary": {"covered_lines": 2, "num_statements": 2, "percent_covered": 100.0, "percent_covered_display": "100", "missing_lines": 0, "excluded_lines": 0}, "missing_lines": [], "excluded_lines": []}, "Log10.__init__": {"executed_lines": [302, 305], "summary": {"covered_lines": 2, "num_statements": 2, "percent_covered": 100.0, "percent_covered_display": "100", "missing_lines": 0, "excluded_lines": 0}, "missing_lines": [], "excluded_lines": []}, "Tan.__init__": {"executed_lines": [327, 330], "summary": {"covered_lines": 2, "num_statements": 2, "percent_covered": 100.0, "percent_covered_display": "100", "missing_lines": 0, "excluded_lines": 0}, "missing_lines": [], "excluded_lines": []}, "Sinh.__init__": {"executed_lines": [352, 355], "summary": {"covered_lines": 2, "num_statements": 2, "percent_covered": 100.0, "percent_covered_display": "100", "missing_lines": 0, "excluded_lines": 0}, "missing_lines": [], "excluded_lines": []}, "Cosh.__init__": {"executed_lines": [377, 380], "summary": {"covered_lines": 2, "num_statements": 2, "percent_covered": 100.0, "percent_covered_display": "100", "missing_lines": 0, "excluded_lines": 0}, "missing_lines": [], "excluded_lines": []}, "Tanh.__init__": {"executed_lines": [402, 405], "summary": {"covered_lines": 2, "num_statements": 2, "percent_covered": 100.0, "percent_covered_display": "100", "missing_lines": 0, "excluded_lines": 0}, "missing_lines": [], "excluded_lines": []}, "Atan.__init__": {"executed_lines": [427, 430], "summary": {"covered_lines": 2, "num_statements": 2, "percent_covered": 100.0, "percent_covered_display": "100", "missing_lines": 0, "excluded_lines": 0}, "missing_lines": [], "excluded_lines": []}, "Norm.__init__": {"executed_lines": [452, 455], "summary": {"covered_lines": 2, "num_statements": 2, "percent_covered": 100.0, "percent_covered_display": "100", "missing_lines": 0, "excluded_lines": 0}, "missing_lines": [], "excluded_lines": []}, "Mod.__init__": {"executed_lines": [487, 489, 492], "summary": {"covered_lines": 3, "num_statements": 3, "percent_covered": 100.0, "percent_covered_display": "100", "missing_lines": 0, "excluded_lines": 0}, "missing_lines": [], "excluded_lines": []}, "Clip.__init__": {"executed_lines": [521, 523, 524, 527, 532], "summary": {"covered_lines": 5, "num_statements": 5, "percent_covered": 100.0, "percent_covered_display": "100", "missing_lines": 0, "excluded_lines": 0}, "missing_lines": [], "excluded_lines": []}, "Clip.__init__._clip_jac": {"executed_lines": [], "summary": {"covered_lines": 0, "num_statements": 2, "percent_covered": 0.0, "percent_covered_display": "0", "missing_lines": 2, "excluded_lines": 0}, "missing_lines": [529, 530], "excluded_lines": []}, "": {"executed_lines": [12, 14, 16, 21, 22, 32, 37, 52, 53, 68, 78, 79, 93, 103, 104, 118, 128, 129, 143, 153, 154, 173, 185, 186, 206, 236, 237, 251, 261, 262, 276, 286, 287, 301, 311, 312, 326, 336, 337, 351, 361, 362, 376, 386, 387, 401, 411, 412, 426, 436, 437, 451, 461, 462, 486, 498, 499, 520], "summary": {"covered_lines": 40, "num_statements": 40, "percent_covered": 100.0, "percent_covered_display": "100", "missing_lines": 0, "excluded_lines": 0}, "missing_lines": [], "excluded_lines": []}}, "classes": {"Math": {"executed_lines": [45, 46, 47], "summary": {"covered_lines": 3, "num_statements": 4, "percent_covered": 75.0, "percent_covered_display": "75", "missing_lines": 1, "excluded_lines": 0}, "missing_lines": [34], "excluded_lines": []}, "Sin": {"executed_lines": [69, 72], "summary": {"covered_lines": 2, "num_statements": 2, "percent_covered": 100.0, "percent_covered_display": "100", "missing_lines": 0, "excluded_lines": 0}, "missing_lines": [], "excluded_lines": []}, "Cos": {"executed_lines": [94, 97], "summary": {"covered_lines": 2, "num_statements": 2, "percent_covered": 100.0, "percent_covered_display": "100", "missing_lines": 0, "excluded_lines": 0}, "missing_lines": [], "excluded_lines": []}, "Sqrt": {"executed_lines": [119, 122], "summary": {"covered_lines": 2, "num_statements": 2, "percent_covered": 100.0, "percent_covered_display": "100", "missing_lines": 0, "excluded_lines": 0}, "missing_lines": [], "excluded_lines": []}, "Abs": {"executed_lines": [144, 147], "summary": {"covered_lines": 2, "num_statements": 2, "percent_covered": 100.0, "percent_covered_display": "100", "missing_lines": 0, "excluded_lines": 0}, "missing_lines": [], "excluded_lines": []}, "Pow": {"executed_lines": [174, 176, 179], "summary": {"covered_lines": 3, "num_statements": 3, "percent_covered": 100.0, "percent_covered_display": "100", "missing_lines": 0, "excluded_lines": 0}, "missing_lines": [], "excluded_lines": []}, "PowProd": {"executed_lines": [207, 209, 211, 230], "summary": {"covered_lines": 4, "num_statements": 14, "percent_covered": 28.571428571428573, "percent_covered_display": "29", "missing_lines": 10, "excluded_lines": 0}, "missing_lines": [212, 213, 215, 217, 220, 221, 222, 223, 225, 227], "excluded_lines": []}, "Exp": {"executed_lines": [252, 255], "summary": {"covered_lines": 2, "num_statements": 2, "percent_covered": 100.0, "percent_covered_display": "100", "missing_lines": 0, "excluded_lines": 0}, "missing_lines": [], "excluded_lines": []}, "Log": {"executed_lines": [277, 280], "summary": {"covered_lines": 2, "num_statements": 2, "percent_covered": 100.0, "percent_covered_display": "100", "missing_lines": 0, "excluded_lines": 0}, "missing_lines": [], "excluded_lines": []}, "Log10": {"executed_lines": [302, 305], "summary": {"covered_lines": 2, "num_statements": 2, "percent_covered": 100.0, "percent_covered_display": "100", "missing_lines": 0, "excluded_lines": 0}, "missing_lines": [], "excluded_lines": []}, "Tan": {"executed_lines": [327, 330], "summary": {"covered_lines": 2, "num_statements": 2, "percent_covered": 100.0, "percent_covered_display": "100", "missing_lines": 0, "excluded_lines": 0}, "missing_lines": [], "excluded_lines": []}, "Sinh": {"executed_lines": [352, 355], "summary": {"covered_lines": 2, "num_statements": 2, "percent_covered": 100.0, "percent_covered_display": "100", "missing_lines": 0, "excluded_lines": 0}, "missing_lines": [], "excluded_lines": []}, "Cosh": {"executed_lines": [377, 380], "summary": {"covered_lines": 2, "num_statements": 2, "percent_covered": 100.0, "percent_covered_display": "100", "missing_lines": 0, "excluded_lines": 0}, "missing_lines": [], "excluded_lines": []}, "Tanh": {"executed_lines": [402, 405], "summary": {"covered_lines": 2, "num_statements": 2, "percent_covered": 100.0, "percent_covered_display": "100", "missing_lines": 0, "excluded_lines": 0}, "missing_lines": [], "excluded_lines": []}, "Atan": {"executed_lines": [427, 430], "summary": {"covered_lines": 2, "num_statements": 2, "percent_covered": 100.0, "percent_covered_display": "100", "missing_lines": 0, "excluded_lines": 0}, "missing_lines": [], "excluded_lines": []}, "Norm": {"executed_lines": [452, 455], "summary": {"covered_lines": 2, "num_statements": 2, "percent_covered": 100.0, "percent_covered_display": "100", "missing_lines": 0, "excluded_lines": 0}, "missing_lines": [], "excluded_lines": []}, "Mod": {"executed_lines": [487, 489, 492], "summary": {"covered_lines": 3, "num_statements": 3, "percent_covered": 100.0, "percent_covered_display": "100", "missing_lines": 0, "excluded_lines": 0}, "missing_lines": [], "excluded_lines": []}, "Clip": {"executed_lines": [521, 523, 524, 527, 532], "summary": {"covered_lines": 5, "num_statements": 7, "percent_covered": 71.42857142857143, "percent_covered_display": "71", "missing_lines": 2, "excluded_lines": 0}, "missing_lines": [529, 530], "excluded_lines": []}, "": {"executed_lines": [12, 14, 16, 21, 22, 32, 37, 52, 53, 68, 78, 79, 93, 103, 104, 118, 128, 129, 143, 153, 154, 173, 185, 186, 206, 236, 237, 251, 261, 262, 276, 286, 287, 301, 311, 312, 326, 336, 337, 351, 361, 362, 376, 386, 387, 401, 411, 412, 426, 436, 437, 451, 461, 462, 486, 498, 499, 520], "summary": {"covered_lines": 40, "num_statements": 40, "percent_covered": 100.0, "percent_covered_display": "100", "missing_lines": 0, "excluded_lines": 0}, "missing_lines": [], "excluded_lines": []}}}, "src\\pathsim\\blocks\\multiplier.py": {"executed_lines": [13, 15, 17, 18, 23, 24, 44, 45, 48, 50, 51, 53, 61, 69, 70], "summary": {"covered_lines": 14, "num_statements": 14, "percent_covered": 100.0, "percent_covered_display": "100", "missing_lines": 0, "excluded_lines": 0}, "missing_lines": [], "excluded_lines": [], "functions": {"Multiplier.__init__": {"executed_lines": [51, 53], "summary": {"covered_lines": 2, "num_statements": 2, "percent_covered": 100.0, "percent_covered_display": "100", "missing_lines": 0, "excluded_lines": 0}, "missing_lines": [], "excluded_lines": []}, "Multiplier.update": {"executed_lines": [69, 70], "summary": {"covered_lines": 2, "num_statements": 2, "percent_covered": 100.0, "percent_covered_display": "100", "missing_lines": 0, "excluded_lines": 0}, "missing_lines": [], "excluded_lines": []}, "": {"executed_lines": [13, 15, 17, 18, 23, 24, 44, 45, 48, 50, 61], "summary": {"covered_lines": 10, "num_statements": 10, "percent_covered": 100.0, "percent_covered_display": "100", "missing_lines": 0, "excluded_lines": 0}, "missing_lines": [], "excluded_lines": []}}, "classes": {"Multiplier": {"executed_lines": [51, 53, 69, 70], "summary": {"covered_lines": 4, "num_statements": 4, "percent_covered": 100.0, "percent_covered_display": "100", "missing_lines": 0, "excluded_lines": 0}, "missing_lines": [], "excluded_lines": []}, "": {"executed_lines": [13, 15, 17, 18, 23, 24, 44, 45, 48, 50, 61], "summary": {"covered_lines": 10, "num_statements": 10, "percent_covered": 100.0, "percent_covered_display": "100", "missing_lines": 0, "excluded_lines": 0}, "missing_lines": [], "excluded_lines": []}}}, "src\\pathsim\\blocks\\noise.py": {"executed_lines": [12, 14, 19, 20, 43, 44, 47, 49, 50, 53, 55, 56, 57, 58, 59, 62, 63, 66, 74, 82, 84, 85, 88, 102, 105, 106, 133, 134, 137, 139, 140, 143, 145, 146, 147, 148, 149, 152, 155, 158, 159, 162, 171, 180, 184, 187, 188, 189, 190, 193, 194, 197, 200, 203, 217], "summary": {"covered_lines": 53, "num_statements": 60, "percent_covered": 88.33333333333333, "percent_covered_display": "88", "missing_lines": 7, "excluded_lines": 0}, "missing_lines": [67, 70, 71, 163, 166, 167, 168], "excluded_lines": [], "functions": {"WhiteNoise.__init__": {"executed_lines": [50, 53, 55, 56, 57, 58, 59], "summary": {"covered_lines": 7, "num_statements": 7, "percent_covered": 100.0, "percent_covered_display": "100", "missing_lines": 0, "excluded_lines": 0}, "missing_lines": [], "excluded_lines": []}, "WhiteNoise.__len__": {"executed_lines": [63], "summary": {"covered_lines": 1, "num_statements": 1, "percent_covered": 100.0, "percent_covered_display": "100", "missing_lines": 0, "excluded_lines": 0}, "missing_lines": [], "excluded_lines": []}, "WhiteNoise.reset": {"executed_lines": [], "summary": {"covered_lines": 0, "num_statements": 3, "percent_covered": 0.0, "percent_covered_display": "0", "missing_lines": 3, "excluded_lines": 0}, "missing_lines": [67, 70, 71], "excluded_lines": []}, "WhiteNoise.sample": {"executed_lines": [82, 84, 85], "summary": {"covered_lines": 3, "num_statements": 3, "percent_covered": 100.0, "percent_covered_display": "100", "missing_lines": 0, "excluded_lines": 0}, "missing_lines": [], "excluded_lines": []}, "WhiteNoise.update": {"executed_lines": [102], "summary": {"covered_lines": 1, "num_statements": 1, "percent_covered": 100.0, "percent_covered_display": "100", "missing_lines": 0, "excluded_lines": 0}, "missing_lines": [], "excluded_lines": []}, "PinkNoise.__init__": {"executed_lines": [140, 143, 145, 146, 147, 148, 149, 152, 155], "summary": {"covered_lines": 9, "num_statements": 9, "percent_covered": 100.0, "percent_covered_display": "100", "missing_lines": 0, "excluded_lines": 0}, "missing_lines": [], "excluded_lines": []}, "PinkNoise.__len__": {"executed_lines": [159], "summary": {"covered_lines": 1, "num_statements": 1, "percent_covered": 100.0, "percent_covered_display": "100", "missing_lines": 0, "excluded_lines": 0}, "missing_lines": [], "excluded_lines": []}, "PinkNoise.reset": {"executed_lines": [], "summary": {"covered_lines": 0, "num_statements": 4, "percent_covered": 0.0, "percent_covered_display": "0", "missing_lines": 4, "excluded_lines": 0}, "missing_lines": [163, 166, 167, 168], "excluded_lines": []}, "PinkNoise.sample": {"executed_lines": [180, 184, 187, 188, 189, 190, 193, 194, 197, 200], "summary": {"covered_lines": 10, "num_statements": 10, "percent_covered": 100.0, "percent_covered_display": "100", "missing_lines": 0, "excluded_lines": 0}, "missing_lines": [], "excluded_lines": []}, "PinkNoise.update": {"executed_lines": [217], "summary": {"covered_lines": 1, "num_statements": 1, "percent_covered": 100.0, "percent_covered_display": "100", "missing_lines": 0, "excluded_lines": 0}, "missing_lines": [], "excluded_lines": []}, "": {"executed_lines": [12, 14, 19, 20, 43, 44, 47, 49, 62, 66, 74, 88, 105, 106, 133, 134, 137, 139, 158, 162, 171, 203], "summary": {"covered_lines": 20, "num_statements": 20, "percent_covered": 100.0, "percent_covered_display": "100", "missing_lines": 0, "excluded_lines": 0}, "missing_lines": [], "excluded_lines": []}}, "classes": {"WhiteNoise": {"executed_lines": [50, 53, 55, 56, 57, 58, 59, 63, 82, 84, 85, 102], "summary": {"covered_lines": 12, "num_statements": 15, "percent_covered": 80.0, "percent_covered_display": "80", "missing_lines": 3, "excluded_lines": 0}, "missing_lines": [67, 70, 71], "excluded_lines": []}, "PinkNoise": {"executed_lines": [140, 143, 145, 146, 147, 148, 149, 152, 155, 159, 180, 184, 187, 188, 189, 190, 193, 194, 197, 200, 217], "summary": {"covered_lines": 21, "num_statements": 25, "percent_covered": 84.0, "percent_covered_display": "84", "missing_lines": 4, "excluded_lines": 0}, "missing_lines": [163, 166, 167, 168], "excluded_lines": []}, "": {"executed_lines": [12, 14, 19, 20, 43, 44, 47, 49, 62, 66, 74, 88, 105, 106, 133, 134, 137, 139, 158, 162, 171, 203], "summary": {"covered_lines": 20, "num_statements": 20, "percent_covered": 100.0, "percent_covered_display": "100", "missing_lines": 0, "excluded_lines": 0}, "missing_lines": [], "excluded_lines": []}}}, "src\\pathsim\\blocks\\ode.py": {"executed_lines": [12, 14, 16, 21, 22, 89, 96, 99, 102, 105, 108, 114, 115, 118, 130, 132, 135, 138, 152, 155, 170, 171, 172, 175, 194, 195, 196], "summary": {"covered_lines": 26, "num_statements": 26, "percent_covered": 100.0, "percent_covered_display": "100", "missing_lines": 0, "excluded_lines": 0}, "missing_lines": [], "excluded_lines": [], "functions": {"ODE.__init__": {"executed_lines": [96, 99, 102, 105, 108], "summary": {"covered_lines": 5, "num_statements": 5, "percent_covered": 100.0, "percent_covered_display": "100", "missing_lines": 0, "excluded_lines": 0}, "missing_lines": [], "excluded_lines": []}, "ODE.__len__": {"executed_lines": [115], "summary": {"covered_lines": 1, "num_statements": 1, "percent_covered": 100.0, "percent_covered_display": "100", "missing_lines": 0, "excluded_lines": 0}, "missing_lines": [], "excluded_lines": []}, "ODE.set_solver": {"executed_lines": [130, 132, 135], "summary": {"covered_lines": 3, "num_statements": 3, "percent_covered": 100.0, "percent_covered_display": "100", "missing_lines": 0, "excluded_lines": 0}, "missing_lines": [], "excluded_lines": []}, "ODE.update": {"executed_lines": [152], "summary": {"covered_lines": 1, "num_statements": 1, "percent_covered": 100.0, "percent_covered_display": "100", "missing_lines": 0, "excluded_lines": 0}, "missing_lines": [], "excluded_lines": []}, "ODE.solve": {"executed_lines": [170, 171, 172], "summary": {"covered_lines": 3, "num_statements": 3, "percent_covered": 100.0, "percent_covered_display": "100", "missing_lines": 0, "excluded_lines": 0}, "missing_lines": [], "excluded_lines": []}, "ODE.step": {"executed_lines": [194, 195, 196], "summary": {"covered_lines": 3, "num_statements": 3, "percent_covered": 100.0, "percent_covered_display": "100", "missing_lines": 0, "excluded_lines": 0}, "missing_lines": [], "excluded_lines": []}, "": {"executed_lines": [12, 14, 16, 21, 22, 89, 114, 118, 138, 155, 175], "summary": {"covered_lines": 10, "num_statements": 10, "percent_covered": 100.0, "percent_covered_display": "100", "missing_lines": 0, "excluded_lines": 0}, "missing_lines": [], "excluded_lines": []}}, "classes": {"ODE": {"executed_lines": [96, 99, 102, 105, 108, 115, 130, 132, 135, 152, 170, 171, 172, 194, 195, 196], "summary": {"covered_lines": 16, "num_statements": 16, "percent_covered": 100.0, "percent_covered_display": "100", "missing_lines": 0, "excluded_lines": 0}, "missing_lines": [], "excluded_lines": []}, ""
[...]
, 190, 193, 194, 196, 201, 209, 210, 213, 230, 231, 236, 245, 250, 251, 256, 259, 262, 265, 268, 269, 270, 271, 273, 274, 280, 283, 300, 304, 310, 311, 312, 315, 318, 321, 324, 327, 329, 332, 333, 336, 339, 340, 346, 347, 349, 351, 353, 358, 373, 374, 377, 378, 379, 382, 389, 392, 395, 398, 400, 403, 404, 407, 410, 412, 414, 415, 418, 419, 421, 422, 424, 427, 429, 432, 433, 434, 438, 439, 440, 451, 452, 455, 456, 459, 460, 464, 471, 474, 477, 480, 483, 485], "summary": {"covered_lines": 136, "num_statements": 154, "percent_covered": 88.31168831168831, "percent_covered_display": "88", "missing_lines": 18, "excluded_lines": 0}, "missing_lines": [92, 94, 96, 171, 172, 176, 246, 247, 301, 302, 306, 307, 442, 444, 448, 453, 461, 487], "excluded_lines": [], "functions": {"ProgressTracker.__init__": {"executed_lines": [91, 93, 95, 98, 99, 100, 101, 102, 103, 106, 109, 112, 115, 116, 117, 118, 119, 120, 123, 126, 129, 133, 136, 138, 145, 148], "summary": {"covered_lines": 26, "num_statements": 29, "percent_covered": 89.65517241379311, "percent_covered_display": "90", "missing_lines": 3, "excluded_lines": 0}, "missing_lines": [92, 94, 96], "excluded_lines": []}, "ProgressTracker._has_configured_handler": {"executed_lines": [166, 167, 170, 175, 180, 182], "summary": {"covered_lines": 6, "num_statements": 9, "percent_covered": 66.66666666666667, "percent_covered_display": "67", "missing_lines": 3, "excluded_lines": 0}, "missing_lines": [171, 172, 176], "excluded_lines": []}, "ProgressTracker.current_progress": {"executed_lines": [196], "summary": {"covered_lines": 1, "num_statements": 1, "percent_covered": 100.0, "percent_covered_display": "100", "missing_lines": 0, "excluded_lines": 0}, "missing_lines": [], "excluded_lines": []}, "ProgressTracker.__enter__": {"executed_lines": [209, 210], "summary": {"covered_lines": 2, "num_statements": 2, "percent_covered": 100.0, "percent_covered_display": "100", "missing_lines": 0, "excluded_lines": 0}, "missing_lines": [], "excluded_lines": []}, "ProgressTracker.__exit__": {"executed_lines": [230, 231], "summary": {"covered_lines": 2, "num_statements": 2, "percent_covered": 100.0, "percent_covered_display": "100", "missing_lines": 0, "excluded_lines": 0}, "missing_lines": [], "excluded_lines": []}, "ProgressTracker.__iter__": {"executed_lines": [245, 250, 251], "summary": {"covered_lines": 3, "num_statements": 5, "percent_covered": 60.0, "percent_covered_display": "60", "missing_lines": 2, "excluded_lines": 0}, "missing_lines": [246, 247], "excluded_lines": []}, "ProgressTracker.interrupt": {"executed_lines": [259], "summary": {"covered_lines": 1, "num_statements": 1, "percent_covered": 100.0, "percent_covered_display": "100", "missing_lines": 0, "excluded_lines": 0}, "missing_lines": [], "excluded_lines": []}, "ProgressTracker.start": {"executed_lines": [265, 268, 269, 270, 271, 273, 274, 280], "summary": {"covered_lines": 8, "num_statements": 8, "percent_covered": 100.0, "percent_covered_display": "100", "missing_lines": 0, "excluded_lines": 0}, "missing_lines": [], "excluded_lines": []}, "ProgressTracker.update": {"executed_lines": [300, 304, 310, 311, 312, 315, 318, 321], "summary": {"covered_lines": 8, "num_statements": 12, "percent_covered": 66.66666666666667, "percent_covered_display": "67", "missing_lines": 4, "excluded_lines": 0}, "missing_lines": [301, 302, 306, 307], "excluded_lines": []}, "ProgressTracker.close": {"executed_lines": [327, 329, 332, 333, 336, 339, 340, 346, 347, 349, 351, 353], "summary": {"covered_lines": 12, "num_statements": 12, "percent_covered": 100.0, "percent_covered_display": "100", "missing_lines": 0, "excluded_lines": 0}, "missing_lines": [], "excluded_lines": []}, "ProgressTracker._format_time": {"executed_lines": [373, 374, 377, 378, 379], "summary": {"covered_lines": 5, "num_statements": 5, "percent_covered": 100.0, "percent_covered_display": "100", "missing_lines": 0, "excluded_lines": 0}, "missing_lines": [], "excluded_lines": []}, "ProgressTracker._log_progress": {"executed_lines": [389, 392, 395, 398, 400, 403, 404, 407, 410, 412, 414, 415, 418, 419, 421, 422, 424, 427, 429, 432, 433, 434, 438, 439, 440, 451, 452, 455, 456, 459, 460, 464, 471, 474, 477, 480, 483, 485], "summary": {"covered_lines": 38, "num_statements": 44, "percent_covered": 86.36363636363636, "percent_covered_display": "86", "missing_lines": 6, "excluded_lines": 0}, "missing_lines": [442, 444, 448, 453, 461, 487], "excluded_lines": []}, "": {"executed_lines": [12, 13, 14, 15, 16, 18, 23, 24, 79, 151, 152, 187, 188, 193, 194, 201, 213, 236, 256, 262, 283, 324, 358, 382], "summary": {"covered_lines": 23, "num_statements": 23, "percent_covered": 100.0, "percent_covered_display": "100", "missing_lines": 0, "excluded_lines": 0}, "missing_lines": [], "excluded_lines": []}}, "classes": {"ProgressTracker": {"executed_lines": [91, 93, 95, 98, 99, 100, 101, 102, 103, 106, 109, 112, 115, 116, 117, 118, 119, 120, 123, 126, 129, 133, 136, 138, 145, 148, 166, 167, 170, 175, 180, 182, 190, 196, 209, 210, 230, 231, 245, 250, 251, 259, 265, 268, 269, 270, 271, 273, 274, 280, 300, 304, 310, 311, 312, 315, 318, 321, 327, 329, 332, 333, 336, 339, 340, 346, 347, 349, 351, 353, 373, 374, 377, 378, 379, 389, 392, 395, 398, 400, 403, 404, 407, 410, 412, 414, 415, 418, 419, 421, 422, 424, 427, 429, 432, 433, 434, 438, 439, 440, 451, 452, 455, 456, 459, 460, 464, 471, 474, 477, 480, 483, 485], "summary": {"covered_lines": 113, "num_statements": 131, "percent_covered": 86.25954198473282, "percent_covered_display": "86", "missing_lines": 18, "excluded_lines": 0}, "missing_lines": [92, 94, 96, 171, 172, 176, 246, 247, 301, 302, 306, 307, 442, 444, 448, 453, 461, 487], "excluded_lines": []}, "": {"executed_lines": [12, 13, 14, 15, 16, 18, 23, 24, 79, 151, 152, 187, 188, 193, 194, 201, 213, 236, 256, 262, 283, 324, 358, 382], "summary": {"covered_lines": 23, "num_statements": 23, "percent_covered": 100.0, "percent_covered_display": "100", "missing_lines": 0, "excluded_lines": 0}, "missing_lines": [], "excluded_lines": []}}}, "src\\pathsim\\utils\\realtimeplotter.py": {"executed_lines": [12, 13, 14, 16, 18, 19, 21, 27, 28, 52, 55, 56, 57, 58, 59, 62, 69, 72, 73, 74, 77, 78, 81, 84, 87, 90, 91, 94, 97, 109, 113, 116, 117, 120, 121, 122, 125, 126, 129, 130, 140, 143, 155, 159, 162, 165, 168, 171, 175, 176, 177, 199, 200, 203, 204, 205, 212, 213, 217, 220, 235, 236, 239, 240, 243, 246, 250, 258], "summary": {"covered_lines": 67, "num_statements": 102, "percent_covered": 65.68627450980392, "percent_covered_display": "66", "missing_lines": 35, "excluded_lines": 0}, "missing_lines": [110, 133, 134, 135, 137, 138, 156, 169, 182, 184, 187, 188, 190, 194, 195, 196, 207, 208, 209, 214, 215, 223, 224, 227, 228, 231, 232, 247, 248, 251, 252, 253, 254, 255, 256], "excluded_lines": [], "functions": {"RealtimePlotter.__init__": {"executed_lines": [55, 56, 57, 58, 59, 62, 69, 72, 73, 74, 77, 78, 81, 84, 87, 90, 91, 94], "summary": {"covered_lines": 18, "num_statements": 18, "percent_covered": 100.0, "percent_covered_display": "100", "missing_lines": 0, "excluded_lines": 0}, "missing_lines": [], "excluded_lines": []}, "RealtimePlotter.update_all": {"executed_lines": [109, 113, 116, 117, 120, 121, 122, 125, 126, 129, 130, 140], "summary": {"covered_lines": 12, "num_statements": 18, "percent_covered": 66.66666666666667, "percent_covered_display": "67", "missing_lines": 6, "excluded_lines": 0}, "missing_lines": [110, 133, 134, 135, 137, 138], "excluded_lines": []}, "RealtimePlotter.update": {"executed_lines": [155, 159, 162, 165, 168, 171, 175, 176, 177, 199, 200, 203, 204, 205, 212, 213, 217], "summary": {"covered_lines": 17, "num_statements": 32, "percent_covered": 53.125, "percent_covered_display": "53", "missing_lines": 15, "excluded_lines": 0}, "missing_lines": [156, 169, 182, 184, 187, 188, 190, 194, 195, 196, 207, 208, 209, 214, 215], "excluded_lines": []}, "RealtimePlotter._update_plot": {"executed_lines": [], "summary": {"covered_lines": 0, "num_statements": 6, "percent_covered": 0.0, "percent_covered_display": "0", "missing_lines": 6, "excluded_lines": 0}, "missing_lines": [223, 224, 227, 228, 231, 232], "excluded_lines": []}, "RealtimePlotter.show": {"executed_lines": [236], "summary": {"covered_lines": 1, "num_statements": 1, "percent_covered": 100.0, "percent_covered_display": "100", "missing_lines": 0, "excluded_lines": 0}, "missing_lines": [], "excluded_lines": []}, "RealtimePlotter.on_close": {"executed_lines": [240], "summary": {"covered_lines": 1, "num_statements": 1, "percent_covered": 100.0, "percent_covered_display": "100", "missing_lines": 0, "excluded_lines": 0}, "missing_lines": [], "excluded_lines": []}, "RealtimePlotter._setup_legend_picking": {"executed_lines": [246, 250, 258], "summary": {"covered_lines": 3, "num_statements": 5, "percent_covered": 60.0, "percent_covered_display": "60", "missing_lines": 2, "excluded_lines": 0}, "missing_lines": [247, 248], "excluded_lines": []}, "RealtimePlotter._setup_legend_picking.on_pick": {"executed_lines": [], "summary": {"covered_lines": 0, "num_statements": 6, "percent_covered": 0.0, "percent_covered_display": "0", "missing_lines": 6, "excluded_lines": 0}, "missing_lines": [251, 252, 253, 254, 255, 256], "excluded_lines": []}, "": {"executed_lines": [12, 13, 14, 16, 18, 19, 21, 27, 28, 52, 97, 143, 220, 235, 239, 243], "summary": {"covered_lines": 15, "num_statements": 15, "percent_covered": 100.0, "percent_covered_display": "100", "missing_lines": 0, "excluded_lines": 0}, "missing_lines": [], "excluded_lines": []}}, "classes": {"RealtimePlotter": {"executed_lines": [55, 56, 57, 58, 59, 62, 69, 72, 73, 74, 77, 78, 81, 84, 87, 90, 91, 94, 109, 113, 116, 117, 120, 121, 122, 125, 126, 129, 130, 140, 155, 159, 162, 165, 168, 171, 175, 176, 177, 199, 200, 203, 204, 205, 212, 213, 217, 236, 240, 246, 250, 258], "summary": {"covered_lines": 52, "num_statements": 87, "percent_covered": 59.770114942528735, "percent_covered_display": "60", "missing_lines": 35, "excluded_lines": 0}, "missing_lines": [110, 133, 134, 135, 137, 138, 156, 169, 182, 184, 187, 188, 190, 194, 195, 196, 207, 208, 209, 214, 215, 223, 224, 227, 228, 231, 232, 247, 248, 251, 252, 253, 254, 255, 256], "excluded_lines": []}, "": {"executed_lines": [12, 13, 14, 16, 18, 19, 21, 27, 28, 52, 97, 143, 220, 235, 239, 243], "summary": {"covered_lines": 15, "num_statements": 15, "percent_covered": 100.0, "percent_covered_display": "100", "missing_lines": 0, "excluded_lines": 0}, "missing_lines": [], "excluded_lines": []}}}, "src\\pathsim\\utils\\register.py": {"executed_lines": [10, 12, 17, 18, 40, 43, 44, 45, 46, 48, 50, 53, 54, 55, 58, 71, 74, 76, 77, 80, 82, 83, 86, 102, 105, 120, 121, 122, 124, 125, 126, 127, 130, 143, 146, 157, 158, 159, 160, 163, 177, 178], "summary": {"covered_lines": 41, "num_statements": 41, "percent_covered": 100.0, "percent_covered_display": "100", "missing_lines": 0, "excluded_lines": 0}, "missing_lines": [], "excluded_lines": [], "functions": {"Register.__init__": {"executed_lines": [44, 45, 46], "summary": {"covered_lines": 3, "num_statements": 3, "percent_covered": 100.0, "percent_covered_display": "100", "missing_lines": 0, "excluded_lines": 0}, "missing_lines": [], "excluded_lines": []}, "Register.__len__": {"executed_lines": [50], "summary": {"covered_lines": 1, "num_statements": 1, "percent_covered": 100.0, "percent_covered_display": "100", "missing_lines": 0, "excluded_lines": 0}, "missing_lines": [], "excluded_lines": []}, "Register.__iter__": {"executed_lines": [54, 55], "summary": {"covered_lines": 2, "num_statements": 2, "percent_covered": 100.0, "percent_covered_display": "100", "missing_lines": 0, "excluded_lines": 0}, "missing_lines": [], "excluded_lines": []}, "Register._map": {"executed_lines": [71], "summary": {"covered_lines": 1, "num_statements": 1, "percent_covered": 100.0, "percent_covered_display": "100", "missing_lines": 0, "excluded_lines": 0}, "missing_lines": [], "excluded_lines": []}, "Register.reset": {"executed_lines": [76, 77], "summary": {"covered_lines": 2, "num_statements": 2, "percent_covered": 100.0, "percent_covered_display": "100", "missing_lines": 0, "excluded_lines": 0}, "missing_lines": [], "excluded_lines": []}, "Register.clear": {"executed_lines": [82, 83], "summary": {"covered_lines": 2, "num_statements": 2, "percent_covered": 100.0, "percent_covered_display": "100", "missing_lines": 0, "excluded_lines": 0}, "missing_lines": [], "excluded_lines": []}, "Register.to_array": {"executed_lines": [102], "summary": {"covered_lines": 1, "num_statements": 1, "percent_covered": 100.0, "percent_covered_display": "100", "missing_lines": 0, "excluded_lines": 0}, "missing_lines": [], "excluded_lines": []}, "Register.update_from_array": {"executed_lines": [120, 121, 122, 124, 125, 126, 127], "summary": {"covered_lines": 7, "num_statements": 7, "percent_covered": 100.0, "percent_covered_display": "100", "missing_lines": 0, "excluded_lines": 0}, "missing_lines": [], "excluded_lines": []}, "Register.__contains__": {"executed_lines": [143], "summary": {"covered_lines": 1, "num_statements": 1, "percent_covered": 100.0, "percent_covered_display": "100", "missing_lines": 0, "excluded_lines": 0}, "missing_lines": [], "excluded_lines": []}, "Register.__setitem__": {"executed_lines": [157, 158, 159, 160], "summary": {"covered_lines": 4, "num_statements": 4, "percent_covered": 100.0, "percent_covered_display": "100", "missing_lines": 0, "excluded_lines": 0}, "missing_lines": [], "excluded_lines": []}, "Register.__getitem__": {"executed_lines": [177, 178], "summary": {"covered_lines": 2, "num_statements": 2, "percent_covered": 100.0, "percent_covered_display": "100", "missing_lines": 0, "excluded_lines": 0}, "missing_lines": [], "excluded_lines": []}, "": {"executed_lines": [10, 12, 17, 18, 40, 43, 48, 53, 58, 74, 80, 86, 105, 130, 146, 163], "summary": {"covered_lines": 15, "num_statements": 15, "percent_covered": 100.0, "percent_covered_display": "100", "missing_lines": 0, "excluded_lines": 0}, "missing_lines": [], "excluded_lines": []}}, "classes": {"Register": {"executed_lines": [44, 45, 46, 50, 54, 55, 71, 76, 77, 82, 83, 102, 120, 121, 122, 124, 125, 126, 127, 143, 157, 158, 159, 160, 177, 178], "summary": {"covered_lines": 26, "num_statements": 26, "percent_covered": 100.0, "percent_covered_display": "100", "missing_lines": 0, "excluded_lines": 0}, "missing_lines": [], "excluded_lines": []}, "": {"executed_lines": [10, 12, 17, 18, 40, 43, 48, 53, 58, 74, 80, 86, 105, 130, 146, 163], "summary": {"covered_lines": 15, "num_statements": 15, "percent_covered": 100.0, "percent_covered_display": "100", "missing_lines": 0, "excluded_lines": 0}, "missing_lines": [], "excluded_lines": []}}}, "src\\pathsim\\utils\\serialization.py": {"executed_lines": [12, 14, 15, 16, 17, 18, 19, 20, 25, 83, 146, 161, 162, 165, 174, 183, 184, 187, 189, 191, 193, 194, 199, 202, 205, 209, 210, 226, 227, 232, 233, 236, 250, 251, 271, 272, 288, 289, 291, 294, 295, 296, 306, 310, 313, 314, 315, 318, 322, 326, 329, 333, 334, 337, 338, 350, 359, 360], "summary": {"covered_lines": 57, "num_statements": 131, "percent_covered": 43.51145038167939, "percent_covered_display": "44", "missing_lines": 74, "excluded_lines": 0}, "missing_lines": [40, 41, 48, 52, 54, 55, 56, 57, 60, 61, 66, 67, 70, 76, 98, 99, 100, 103, 106, 109, 110, 111, 114, 115, 122, 123, 131, 137, 166, 167, 168, 169, 170, 171, 175, 176, 177, 178, 179, 180, 196, 197, 206, 212, 214, 216, 218, 221, 246, 247, 266, 267, 268, 297, 298, 303, 307, 319, 340, 342, 345, 346, 348, 364, 366, 367, 370, 371, 373, 374, 377, 378, 379, 381], "excluded_lines": [], "functions": {"serialize_callable": {"executed_lines": [], "summary": {"covered_lines": 0, "num_statements": 14, "percent_covered": 0.0, "percent_covered_display": "0", "missing_lines": 14, "excluded_lines": 0}, "missing_lines": [40, 41, 48, 52, 54, 55, 56, 57, 60, 61, 66, 67, 70, 76], "excluded_lines": []}, "serialize_object": {"executed_lines": [], "summary": {"covered_lines": 0, "num_statements": 14, "percent_covered": 0.0, "percent_covered_display": "0", "missing_lines": 14, "excluded_lines": 0}, "missing_lines": [98, 99, 100, 103, 106, 109, 110, 111, 114, 115, 122, 123, 131, 137], "excluded_lines": []}, "deserialize": {"executed_lines": [161, 162, 165, 174, 183, 184, 187, 189, 191, 193, 194, 199, 202, 205, 209, 210], "summary": {"covered_lines": 16, "num_statements": 36, "percent_covered": 44.44444444444444, "percent_covered_display": "44", "missing_lines": 20, "excluded_lines": 0}, "missing_lines": [166, 167, 168, 169, 170, 171, 175, 176, 177, 178, 179, 180, 196, 197, 206, 212, 214, 216, 218, 221], "excluded_lines": []}, "Serializable.__str__": {"executed_lines": [233], "summary": {"covered_lines": 1, "num_statements": 1, "percent_covered": 100.0, "percent_covered_display": "100", "missing_lines": 0, "excluded_lines": 0}, "missing_lines": [], "excluded_lines": []}, "Serializable.save": {"executed_lines": [], "summary": {"covered_lines": 0, "num_statements": 2, "percent_covered": 0.0, "percent_covered_display": "0", "missing_lines": 2, "excluded_lines": 0}, "missing_lines": [246, 247], "excluded_lines": []}, "Serializable.load": {"executed_lines": [], "summary": {"covered_lines": 0, "num_statements": 3, "percent_covered": 0.0, "percent_covered_display": "0", "missing_lines": 3, "excluded_lines": 0}, "missing_lines": [266, 267, 268], "excluded_lines": []}, "Serializable.from_dict": {"executed_lines": [288, 289, 291, 294, 295, 296, 306, 310, 313, 314, 315, 318, 322, 326], "summary": {"covered_lines": 14, "num_statements": 19, "percent_covered": 73.6842105263158, "percent_covered_display": "74", "missing_lines": 5, "excluded_lines": 0}, "missing_lines": [297, 298, 303, 307, 319], "excluded_lines": []}, "Serializable.to_dict": {"executed_lines": [333, 334, 337, 338, 350], "summary": {"covered_lines": 5, "num_statements": 10, "percent_covered": 50.0, "percent_covered_display": "50", "missing_lines": 5, "excluded_lines": 0}, "missing_lines": [340, 342, 345, 346, 348], "excluded_lines": []}, "Serializable._find_class": {"executed_lines": [], "summary": {"covered_lines": 0, "num_statements": 11, "percent_covered": 0.0, "percent_covered_display": "0", "missing_lines": 11, "excluded_lines": 0}, "missing_lines": [364, 366, 367, 370, 371, 373, 374, 377, 378, 379, 381], "excluded_lines": []}, "": {"executed_lines": [12, 14, 15, 16, 17, 18, 19, 20, 25, 83, 146, 226, 227, 232, 236, 250, 251, 271, 272, 329, 359, 360], "summary": {"covered_lines": 21, "num_statements": 21, "percent_covered": 100.0, "percent_covered_display": "100", "missing_lines": 0, "excluded_lines": 0}, "missing_lines": [], "excluded_lines": []}}, "classes": {"Serializable": {"executed_lines": [233, 288, 289, 291, 294, 295, 296, 306, 310, 313, 314, 315, 318, 322, 326, 333, 334, 337, 338, 350], "summary": {"covered_lines": 20, "num_statements": 46, "percent_covered": 43.47826086956522, "percent_covered_display": "43", "missing_lines": 26, "excluded_lines": 0}, "missing_lines": [246, 247, 266, 267, 268, 297, 298, 303, 307, 319, 340, 342, 345, 346, 348, 364, 366, 367, 370, 371, 373, 374, 377, 378, 379, 381], "excluded_lines": []}, "": {"executed_lines": [12, 14, 15, 16, 17, 18, 19, 20, 25, 83, 146, 161, 162, 165, 174, 183, 184, 187, 189, 191, 193, 194, 199, 202, 205, 209, 210, 226, 227, 232, 236, 250, 251, 271, 272, 329, 359, 360], "summary": {"covered_lines": 37, "num_statements": 85, "percent_covered": 43.529411764705884, "percent_covered_display": "44", "missing_lines": 48, "excluded_lines": 0}, "missing_lines": [40, 41, 48, 52, 54, 55, 56, 57, 60, 61, 66, 67, 70, 76, 98, 99, 100, 103, 106, 109, 110, 111, 114, 115, 122, 123, 131, 137, 166, 167, 168, 169, 170, 171, 175, 176, 177, 178, 179, 180, 196, 197, 206, 212, 214, 216, 218, 221], "excluded_lines": []}}}}, "totals": {"covered_lines": 3924, "num_statements": 4682, "percent_covered": 83.81033746262281, "percent_covered_display": "84", "missing_lines": 758, "excluded_lines": 0}}